{"/mnt/c/Users/georgiyf/Desktop/kursovaya-front/src/components/Breadcrumb.tsx": {"path":"/mnt/c/Users/georgiyf/Desktop/kursovaya-front/src/components/Breadcrumb.tsx","statementMap":{"0":{"start":{"line":1,"column":0},"end":{"line":1,"column":26}},"1":{"start":{"line":2,"column":0},"end":{"line":2,"column":40}},"2":{"start":{"line":3,"column":0},"end":{"line":3,"column":39}},"3":{"start":{"line":14,"column":28},"end":{"line":29,"column":2}},"4":{"start":{"line":31,"column":23},"end":{"line":38,"column":2}},"5":{"start":{"line":40,"column":23},"end":{"line":61,"column":2}},"6":{"start":{"line":63,"column":23},"end":{"line":70,"column":2}},"7":{"start":{"line":72,"column":46},"end":{"line":88,"column":1}},"8":{"start":{"line":72,"column":54},"end":{"line":72,"column":56}},"9":{"start":{"line":73,"column":2},"end":{"line":87,"column":4}},"10":{"start":{"line":76,"column":36},"end":{"line":84,"column":10}},"11":{"start":{"line":90,"column":0},"end":{"line":90,"column":26}}},"fnMap":{"0":{"name":"(anonymous_2)","decl":{"start":{"line":72,"column":46},"end":{"line":72,"column":47}},"loc":{"start":{"line":72,"column":56},"end":{"line":88,"column":1}}},"1":{"name":"(anonymous_3)","decl":{"start":{"line":76,"column":19},"end":{"line":76,"column":20}},"loc":{"start":{"line":76,"column":31},"end":{"line":76,"column":null}}}},"branchMap":{"0":{"loc":{"start":{"line":14,"column":38},"end":{"line":29,"column":2}},"type":"binary-expr","locations":[{"start":{"line":14,"column":38},"end":{"line":14,"column":null}},{"start":{"line":14,"column":38},"end":{"line":29,"column":2}}]},"1":{"loc":{"start":{"line":31,"column":32},"end":{"line":38,"column":2}},"type":"binary-expr","locations":[{"start":{"line":31,"column":32},"end":{"line":31,"column":null}},{"start":{"line":31,"column":32},"end":{"line":38,"column":2}}]},"2":{"loc":{"start":{"line":40,"column":32},"end":{"line":61,"column":2}},"type":"binary-expr","locations":[{"start":{"line":40,"column":32},"end":{"line":40,"column":null}},{"start":{"line":40,"column":32},"end":{"line":61,"column":2}}]},"3":{"loc":{"start":{"line":63,"column":35},"end":{"line":70,"column":2}},"type":"binary-expr","locations":[{"start":{"line":63,"column":35},"end":{"line":63,"column":null}},{"start":{"line":63,"column":35},"end":{"line":70,"column":2}}]},"4":{"loc":{"start":{"line":78,"column":13},"end":{"line":81,"column":null}},"type":"cond-expr","locations":[{"start":{"line":79,"column":14},"end":{"line":79,"column":74}},{"start":{"line":81,"column":14},"end":{"line":81,"column":39}}]}},"s":{"0":1,"1":1,"2":1,"3":1,"4":1,"5":1,"6":1,"7":1,"8":3,"9":3,"10":9,"11":1},"f":{"0":3,"1":9},"b":{"0":[1,1],"1":[1,1],"2":[1,1],"3":[1,1],"4":[6,3]}}
,"/mnt/c/Users/georgiyf/Desktop/kursovaya-front/src/components/CategoryFilter.tsx": {"path":"/mnt/c/Users/georgiyf/Desktop/kursovaya-front/src/components/CategoryFilter.tsx","statementMap":{"0":{"start":{"line":1,"column":0},"end":{"line":1,"column":26}},"1":{"start":{"line":2,"column":0},"end":{"line":2,"column":51}},"2":{"start":{"line":3,"column":0},"end":{"line":3,"column":39}},"3":{"start":{"line":10,"column":24},"end":{"line":25,"column":2}},"4":{"start":{"line":27,"column":20},"end":{"line":31,"column":2}},"5":{"start":{"line":33,"column":19},"end":{"line":36,"column":2}},"6":{"start":{"line":38,"column":19},"end":{"line":40,"column":2}},"7":{"start":{"line":42,"column":19},"end":{"line":55,"column":null}},"8":{"start":{"line":45,"column":31},"end":{"line":45,"column":null}},"9":{"start":{"line":46,"column":20},"end":{"line":46,"column":null}},"10":{"start":{"line":47,"column":31},"end":{"line":47,"column":null}},"11":{"start":{"line":55,"column":33},"end":{"line":55,"column":null}},"12":{"start":{"line":59,"column":54},"end":{"line":95,"column":1}},"13":{"start":{"line":59,"column":67},"end":{"line":59,"column":69}},"14":{"start":{"line":59,"column":83},"end":{"line":59,"column":85}},"15":{"start":{"line":60,"column":28},"end":{"line":68,"column":3}},"16":{"start":{"line":61,"column":52},"end":{"line":66,"column":6}},"17":{"start":{"line":67,"column":4},"end":{"line":67,"column":90}},"18":{"start":{"line":70,"column":2},"end":{"line":94,"column":4}},"19":{"start":{"line":82,"column":36},"end":{"line":91,"column":10}},"20":{"start":{"line":97,"column":0},"end":{"line":97,"column":30}}},"fnMap":{"0":{"name":"(anonymous_2)","decl":{"start":{"line":45,"column":22},"end":{"line":45,"column":27}},"loc":{"start":{"line":45,"column":27},"end":{"line":45,"column":36}}},"1":{"name":"(anonymous_3)","decl":{"start":{"line":46,"column":11},"end":{"line":46,"column":16}},"loc":{"start":{"line":46,"column":16},"end":{"line":46,"column":25}}},"2":{"name":"(anonymous_4)","decl":{"start":{"line":47,"column":22},"end":{"line":47,"column":27}},"loc":{"start":{"line":47,"column":27},"end":{"line":47,"column":36}}},"3":{"name":"(anonymous_5)","decl":{"start":{"line":55,"column":24},"end":{"line":55,"column":29}},"loc":{"start":{"line":55,"column":29},"end":{"line":55,"column":38}}},"4":{"name":"(anonymous_6)","decl":{"start":{"line":59,"column":54},"end":{"line":59,"column":55}},"loc":{"start":{"line":59,"column":85},"end":{"line":95,"column":1}}},"5":{"name":"(anonymous_7)","decl":{"start":{"line":60,"column":28},"end":{"line":60,"column":29}},"loc":{"start":{"line":60,"column":45},"end":{"line":68,"column":3}}},"6":{"name":"(anonymous_8)","decl":{"start":{"line":82,"column":24},"end":{"line":82,"column":32}},"loc":{"start":{"line":82,"column":32},"end":{"line":82,"column":null}}}},"branchMap":{"0":{"loc":{"start":{"line":10,"column":34},"end":{"line":25,"column":2}},"type":"binary-expr","locations":[{"start":{"line":10,"column":34},"end":{"line":10,"column":null}},{"start":{"line":10,"column":34},"end":{"line":25,"column":2}}]},"1":{"loc":{"start":{"line":27,"column":29},"end":{"line":31,"column":2}},"type":"binary-expr","locations":[{"start":{"line":27,"column":29},"end":{"line":27,"column":null}},{"start":{"line":27,"column":29},"end":{"line":31,"column":2}}]},"2":{"loc":{"start":{"line":33,"column":29},"end":{"line":36,"column":2}},"type":"binary-expr","locations":[{"start":{"line":33,"column":29},"end":{"line":33,"column":null}},{"start":{"line":33,"column":29},"end":{"line":36,"column":2}}]},"3":{"loc":{"start":{"line":38,"column":29},"end":{"line":40,"column":2}},"type":"binary-expr","locations":[{"start":{"line":38,"column":29},"end":{"line":38,"column":null}},{"start":{"line":38,"column":29},"end":{"line":40,"column":2}}]},"4":{"loc":{"start":{"line":42,"column":31},"end":{"line":57,"column":2}},"type":"binary-expr","locations":[{"start":{"line":42,"column":31},"end":{"line":42,"column":53}},{"start":{"line":42,"column":31},"end":{"line":57,"column":2}}]},"5":{"loc":{"start":{"line":45,"column":31},"end":{"line":45,"column":83}},"type":"cond-expr","locations":[{"start":{"line":45,"column":47},"end":{"line":45,"column":73}},{"start":{"line":45,"column":76},"end":{"line":45,"column":83}}]},"6":{"loc":{"start":{"line":46,"column":20},"end":{"line":46,"column":69}},"type":"cond-expr","locations":[{"start":{"line":46,"column":36},"end":{"line":46,"column":43}},{"start":{"line":46,"column":46},"end":{"line":46,"column":69}}]},"7":{"loc":{"start":{"line":47,"column":31},"end":{"line":47,"column":99}},"type":"cond-expr","locations":[{"start":{"line":47,"column":47},"end":{"line":47,"column":73}},{"start":{"line":47,"column":76},"end":{"line":47,"column":99}}]},"8":{"loc":{"start":{"line":55,"column":33},"end":{"line":55,"column":101}},"type":"cond-expr","locations":[{"start":{"line":55,"column":49},"end":{"line":55,"column":75}},{"start":{"line":55,"column":78},"end":{"line":55,"column":101}}]},"9":{"loc":{"start":{"line":67,"column":11},"end":{"line":67,"column":89}},"type":"binary-expr","locations":[{"start":{"line":67,"column":11},"end":{"line":67,"column":33}},{"start":{"line":67,"column":37},"end":{"line":67,"column":89}}]},"10":{"loc":{"start":{"line":77,"column":21},"end":{"line":77,"column":64}},"type":"binary-expr","locations":[{"start":{"line":77,"column":21},"end":{"line":77,"column":36}},{"start":{"line":77,"column":40},"end":{"line":77,"column":64}}]}},"s":{"0":1,"1":1,"2":1,"3":1,"4":1,"5":1,"6":1,"7":1,"8":10,"9":10,"10":10,"11":10,"12":1,"13":2,"14":2,"15":2,"16":8,"17":8,"18":2,"19":8,"20":1},"f":{"0":10,"1":10,"2":10,"3":10,"4":2,"5":8,"6":8},"b":{"0":[1,1],"1":[1,1],"2":[1,1],"3":[1,1],"4":[1,1],"5":[2,8],"6":[2,8],"7":[2,8],"8":[2,8],"9":[8,0],"10":[2,1]}}
,"/mnt/c/Users/georgiyf/Desktop/kursovaya-front/src/components/Footer.tsx": {"path":"/mnt/c/Users/georgiyf/Desktop/kursovaya-front/src/components/Footer.tsx","statementMap":{"0":{"start":{"line":1,"column":0},"end":{"line":1,"column":26}},"1":{"start":{"line":2,"column":0},"end":{"line":2,"column":40}},"2":{"start":{"line":3,"column":0},"end":{"line":3,"column":39}},"3":{"start":{"line":5,"column":24},"end":{"line":10,"column":2}},"4":{"start":{"line":12,"column":22},"end":{"line":22,"column":2}},"5":{"start":{"line":24,"column":22},"end":{"line":28,"column":2}},"6":{"start":{"line":30,"column":20},"end":{"line":34,"column":2}},"7":{"start":{"line":36,"column":19},"end":{"line":44,"column":2}},"8":{"start":{"line":46,"column":21},"end":{"line":54,"column":2}},"9":{"start":{"line":56,"column":21},"end":{"line":63,"column":2}},"10":{"start":{"line":65,"column":20},"end":{"line":69,"column":2}},"11":{"start":{"line":71,"column":19},"end":{"line":78,"column":2}},"12":{"start":{"line":80,"column":19},"end":{"line":82,"column":2}},"13":{"start":{"line":84,"column":25},"end":{"line":122,"column":1}},"14":{"start":{"line":85,"column":2},"end":{"line":121,"column":4}},"15":{"start":{"line":124,"column":0},"end":{"line":124,"column":22}}},"fnMap":{"0":{"name":"(anonymous_2)","decl":{"start":{"line":84,"column":25},"end":{"line":84,"column":null}},"loc":{"start":{"line":84,"column":25},"end":{"line":122,"column":1}}}},"branchMap":{"0":{"loc":{"start":{"line":5,"column":37},"end":{"line":10,"column":2}},"type":"binary-expr","locations":[{"start":{"line":5,"column":37},"end":{"line":5,"column":null}},{"start":{"line":5,"column":37},"end":{"line":10,"column":2}}]},"1":{"loc":{"start":{"line":12,"column":32},"end":{"line":22,"column":2}},"type":"binary-expr","locations":[{"start":{"line":12,"column":32},"end":{"line":12,"column":null}},{"start":{"line":12,"column":32},"end":{"line":22,"column":2}}]},"2":{"loc":{"start":{"line":24,"column":32},"end":{"line":28,"column":2}},"type":"binary-expr","locations":[{"start":{"line":24,"column":32},"end":{"line":24,"column":null}},{"start":{"line":24,"column":32},"end":{"line":28,"column":2}}]},"3":{"loc":{"start":{"line":30,"column":29},"end":{"line":34,"column":2}},"type":"binary-expr","locations":[{"start":{"line":30,"column":29},"end":{"line":30,"column":null}},{"start":{"line":30,"column":29},"end":{"line":34,"column":2}}]},"4":{"loc":{"start":{"line":36,"column":31},"end":{"line":44,"column":2}},"type":"binary-expr","locations":[{"start":{"line":36,"column":31},"end":{"line":36,"column":null}},{"start":{"line":36,"column":31},"end":{"line":44,"column":2}}]},"5":{"loc":{"start":{"line":46,"column":29},"end":{"line":54,"column":2}},"type":"binary-expr","locations":[{"start":{"line":46,"column":29},"end":{"line":46,"column":null}},{"start":{"line":46,"column":29},"end":{"line":54,"column":2}}]},"6":{"loc":{"start":{"line":56,"column":31},"end":{"line":63,"column":2}},"type":"binary-expr","locations":[{"start":{"line":56,"column":31},"end":{"line":56,"column":null}},{"start":{"line":56,"column":31},"end":{"line":63,"column":2}}]},"7":{"loc":{"start":{"line":65,"column":30},"end":{"line":69,"column":2}},"type":"binary-expr","locations":[{"start":{"line":65,"column":30},"end":{"line":65,"column":null}},{"start":{"line":65,"column":30},"end":{"line":69,"column":2}}]},"8":{"loc":{"start":{"line":71,"column":27},"end":{"line":78,"column":2}},"type":"binary-expr","locations":[{"start":{"line":71,"column":27},"end":{"line":71,"column":null}},{"start":{"line":71,"column":27},"end":{"line":78,"column":2}}]},"9":{"loc":{"start":{"line":80,"column":27},"end":{"line":82,"column":2}},"type":"binary-expr","locations":[{"start":{"line":80,"column":27},"end":{"line":80,"column":null}},{"start":{"line":80,"column":27},"end":{"line":82,"column":2}}]}},"s":{"0":1,"1":1,"2":1,"3":1,"4":1,"5":1,"6":1,"7":1,"8":1,"9":1,"10":1,"11":1,"12":1,"13":1,"14":1,"15":1},"f":{"0":1},"b":{"0":[1,1],"1":[1,1],"2":[1,1],"3":[1,1],"4":[1,1],"5":[1,1],"6":[1,1],"7":[1,1],"8":[1,1],"9":[1,1]}}
,"/mnt/c/Users/georgiyf/Desktop/kursovaya-front/src/components/Header.tsx": {"path":"/mnt/c/Users/georgiyf/Desktop/kursovaya-front/src/components/Header.tsx","statementMap":{"0":{"start":{"line":1,"column":0},"end":{"line":1,"column":51}},"1":{"start":{"line":2,"column":0},"end":{"line":2,"column":53}},"2":{"start":{"line":3,"column":0},"end":{"line":3,"column":49}},"3":{"start":{"line":4,"column":0},"end":{"line":4,"column":56}},"4":{"start":{"line":5,"column":0},"end":{"line":5,"column":49}},"5":{"start":{"line":6,"column":0},"end":{"line":6,"column":39}},"6":{"start":{"line":8,"column":24},"end":{"line":14,"column":2}},"7":{"start":{"line":16,"column":22},"end":{"line":27,"column":2}},"8":{"start":{"line":29,"column":13},"end":{"line":40,"column":2}},"9":{"start":{"line":42,"column":12},"end":{"line":50,"column":2}},"10":{"start":{"line":52,"column":18},"end":{"line":60,"column":null}},"11":{"start":{"line":60,"column":22},"end":{"line":60,"column":null}},"12":{"start":{"line":69,"column":24},"end":{"line":74,"column":2}},"13":{"start":{"line":76,"column":23},"end":{"line":80,"column":2}},"14":{"start":{"line":82,"column":16},"end":{"line":106,"column":2}},"15":{"start":{"line":108,"column":19},"end":{"line":116,"column":2}},"16":{"start":{"line":118,"column":18},"end":{"line":132,"column":2}},"17":{"start":{"line":134,"column":24},"end":{"line":143,"column":2}},"18":{"start":{"line":145,"column":20},"end":{"line":158,"column":2}},"19":{"start":{"line":160,"column":25},"end":{"line":174,"column":2}},"20":{"start":{"line":176,"column":25},"end":{"line":389,"column":1}},"21":{"start":{"line":177,"column":38},"end":{"line":177,"column":53}},"22":{"start":{"line":177,"column":19},"end":{"line":177,"column":21}},"23":{"start":{"line":177,"column":34},"end":{"line":177,"column":38}},"24":{"start":{"line":178,"column":40},"end":{"line":178,"column":52}},"25":{"start":{"line":178,"column":20},"end":{"line":178,"column":22}},"26":{"start":{"line":178,"column":36},"end":{"line":178,"column":40}},"27":{"start":{"line":179,"column":38},"end":{"line":179,"column":53}},"28":{"start":{"line":179,"column":19},"end":{"line":179,"column":21}},"29":{"start":{"line":179,"column":34},"end":{"line":179,"column":38}},"30":{"start":{"line":180,"column":25},"end":{"line":180,"column":35}},"31":{"start":{"line":181,"column":25},"end":{"line":181,"column":39}},"32":{"start":{"line":182,"column":27},"end":{"line":182,"column":36}},"33":{"start":{"line":182,"column":14},"end":{"line":182,"column":16}},"34":{"start":{"line":182,"column":22},"end":{"line":182,"column":27}},"35":{"start":{"line":183,"column":19},"end":{"line":183,"column":32}},"36":{"start":{"line":186,"column":2},"end":{"line":193,"column":9}},"37":{"start":{"line":187,"column":25},"end":{"line":189,"column":5}},"38":{"start":{"line":188,"column":6},"end":{"line":188,"column":41}},"39":{"start":{"line":191,"column":4},"end":{"line":191,"column":52}},"40":{"start":{"line":192,"column":4},"end":{"line":192,"column":68}},"41":{"start":{"line":192,"column":17},"end":{"line":192,"column":68}},"42":{"start":{"line":196,"column":29},"end":{"line":202,"column":3}},"43":{"start":{"line":197,"column":4},"end":{"line":197,"column":23}},"44":{"start":{"line":198,"column":4},"end":{"line":201,"column":5}},"45":{"start":{"line":199,"column":6},"end":{"line":199,"column":70}},"46":{"start":{"line":200,"column":6},"end":{"line":200,"column":25}},"47":{"start":{"line":205,"column":24},"end":{"line":208,"column":3}},"48":{"start":{"line":206,"column":4},"end":{"line":206,"column":25}},"49":{"start":{"line":207,"column":4},"end":{"line":207,"column":17}},"50":{"start":{"line":210,"column":2},"end":{"line":388,"column":4}},"51":{"start":{"line":216,"column":36},"end":{"line":216,"column":70}},"52":{"start":{"line":224,"column":38},"end":{"line":232,"column":13}},"53":{"start":{"line":225,"column":62},"end":{"line":230,"column":16}},"54":{"start":{"line":231,"column":14},"end":{"line":231,"column":85}},"55":{"start":{"line":234,"column":12},"end":{"line":238,"column":14}},"56":{"start":{"line":252,"column":33},"end":{"line":252,"column":null}},"57":{"start":{"line":258,"column":48},"end":{"line":258,"column":82}},"58":{"start":{"line":282,"column":18},"end":{"line":282,"column":27}},"59":{"start":{"line":283,"column":18},"end":{"line":283,"column":39}},"60":{"start":{"line":290,"column":74},"end":{"line":290,"column":null}},"61":{"start":{"line":296,"column":27},"end":{"line":296,"column":null}},"62":{"start":{"line":311,"column":38},"end":{"line":311,"column":null}},"63":{"start":{"line":314,"column":33},"end":{"line":314,"column":66}},"64":{"start":{"line":330,"column":29},"end":{"line":330,"column":null}},"65":{"start":{"line":335,"column":41},"end":{"line":335,"column":80}},"66":{"start":{"line":336,"column":49},"end":{"line":336,"column":91}},"67":{"start":{"line":338,"column":38},"end":{"line":346,"column":13}},"68":{"start":{"line":339,"column":62},"end":{"line":344,"column":16}},"69":{"start":{"line":345,"column":14},"end":{"line":345,"column":85}},"70":{"start":{"line":348,"column":12},"end":{"line":356,"column":14}},"71":{"start":{"line":352,"column":31},"end":{"line":352,"column":null}},"72":{"start":{"line":359,"column":52},"end":{"line":359,"column":null}},"73":{"start":{"line":364,"column":48},"end":{"line":364,"column":null}},"74":{"start":{"line":378,"column":16},"end":{"line":378,"column":25}},"75":{"start":{"line":379,"column":16},"end":{"line":379,"column":37}},"76":{"start":{"line":391,"column":0},"end":{"line":391,"column":22}}},"fnMap":{"0":{"name":"(anonymous_11)","decl":{"start":{"line":60,"column":13},"end":{"line":60,"column":18}},"loc":{"start":{"line":60,"column":18},"end":{"line":60,"column":27}}},"1":{"name":"(anonymous_12)","decl":{"start":{"line":176,"column":25},"end":{"line":176,"column":null}},"loc":{"start":{"line":176,"column":25},"end":{"line":389,"column":1}}},"2":{"name":"(anonymous_13)","decl":{"start":{"line":186,"column":12},"end":{"line":186,"column":null}},"loc":{"start":{"line":186,"column":12},"end":{"line":193,"column":3}}},"3":{"name":"(anonymous_14)","decl":{"start":{"line":187,"column":25},"end":{"line":187,"column":null}},"loc":{"start":{"line":187,"column":25},"end":{"line":189,"column":5}}},"4":{"name":"(anonymous_15)","decl":{"start":{"line":192,"column":11},"end":{"line":192,"column":17}},"loc":{"start":{"line":192,"column":11},"end":{"line":192,"column":23}}},"5":{"name":"(anonymous_16)","decl":{"start":{"line":196,"column":29},"end":{"line":196,"column":30}},"loc":{"start":{"line":196,"column":48},"end":{"line":202,"column":3}}},"6":{"name":"(anonymous_17)","decl":{"start":{"line":205,"column":24},"end":{"line":205,"column":25}},"loc":{"start":{"line":205,"column":35},"end":{"line":208,"column":3}}},"7":{"name":"(anonymous_18)","decl":{"start":{"line":216,"column":30},"end":{"line":216,"column":36}},"loc":{"start":{"line":216,"column":30},"end":{"line":216,"column":49}}},"8":{"name":"(anonymous_19)","decl":{"start":{"line":223,"column":38},"end":{"line":223,"column":46}},"loc":{"start":{"line":223,"column":46},"end":{"line":239,"column":11}}},"9":{"name":"(anonymous_20)","decl":{"start":{"line":224,"column":38},"end":{"line":224,"column":39}},"loc":{"start":{"line":224,"column":50},"end":{"line":232,"column":13}}},"10":{"name":"(anonymous_21)","decl":{"start":{"line":252,"column":26},"end":{"line":252,"column":27}},"loc":{"start":{"line":252,"column":28},"end":{"line":252,"column":47}}},"11":{"name":"(anonymous_22)","decl":{"start":{"line":258,"column":42},"end":{"line":258,"column":48}},"loc":{"start":{"line":258,"column":42},"end":{"line":258,"column":61}}},"12":{"name":"(anonymous_23)","decl":{"start":{"line":281,"column":25},"end":{"line":281,"column":null}},"loc":{"start":{"line":281,"column":25},"end":{"line":284,"column":17}}},"13":{"name":"(anonymous_24)","decl":{"start":{"line":290,"column":68},"end":{"line":290,"column":74}},"loc":{"start":{"line":290,"column":68},"end":{"line":290,"column":87}}},"14":{"name":"(anonymous_25)","decl":{"start":{"line":296,"column":21},"end":{"line":296,"column":27}},"loc":{"start":{"line":296,"column":21},"end":{"line":296,"column":40}}},"15":{"name":"(anonymous_26)","decl":{"start":{"line":311,"column":32},"end":{"line":311,"column":38}},"loc":{"start":{"line":311,"column":32},"end":{"line":311,"column":51}}},"16":{"name":"(anonymous_27)","decl":{"start":{"line":314,"column":27},"end":{"line":314,"column":33}},"loc":{"start":{"line":314,"column":27},"end":{"line":314,"column":46}}},"17":{"name":"(anonymous_28)","decl":{"start":{"line":330,"column":22},"end":{"line":330,"column":23}},"loc":{"start":{"line":330,"column":24},"end":{"line":330,"column":43}}},"18":{"name":"(anonymous_29)","decl":{"start":{"line":335,"column":35},"end":{"line":335,"column":41}},"loc":{"start":{"line":335,"column":35},"end":{"line":335,"column":54}}},"19":{"name":"(anonymous_30)","decl":{"start":{"line":336,"column":43},"end":{"line":336,"column":49}},"loc":{"start":{"line":336,"column":43},"end":{"line":336,"column":62}}},"20":{"name":"(anonymous_31)","decl":{"start":{"line":337,"column":26},"end":{"line":337,"column":34}},"loc":{"start":{"line":337,"column":34},"end":{"line":357,"column":11}}},"21":{"name":"(anonymous_32)","decl":{"start":{"line":338,"column":38},"end":{"line":338,"column":39}},"loc":{"start":{"line":338,"column":50},"end":{"line":346,"column":13}}},"22":{"name":"(anonymous_33)","decl":{"start":{"line":352,"column":25},"end":{"line":352,"column":31}},"loc":{"start":{"line":352,"column":25},"end":{"line":352,"column":44}}},"23":{"name":"(anonymous_34)","decl":{"start":{"line":359,"column":46},"end":{"line":359,"column":52}},"loc":{"start":{"line":359,"column":46},"end":{"line":359,"column":65}}},"24":{"name":"(anonymous_35)","decl":{"start":{"line":364,"column":42},"end":{"line":364,"column":48}},"loc":{"start":{"line":364,"column":42},"end":{"line":364,"column":61}}},"25":{"name":"(anonymous_36)","decl":{"start":{"line":377,"column":23},"end":{"line":377,"column":null}},"loc":{"start":{"line":377,"column":23},"end":{"line":380,"column":15}}}},"branchMap":{"0":{"loc":{"start":{"line":8,"column":37},"end":{"line":14,"column":2}},"type":"binary-expr","locations":[{"start":{"line":8,"column":37},"end":{"line":8,"column":null}},{"start":{"line":8,"column":37},"end":{"line":14,"column":2}}]},"1":{"loc":{"start":{"line":16,"column":32},"end":{"line":27,"column":2}},"type":"binary-expr","locations":[{"start":{"line":16,"column":32},"end":{"line":16,"column":null}},{"start":{"line":16,"column":32},"end":{"line":27,"column":2}}]},"2":{"loc":{"start":{"line":29,"column":25},"end":{"line":40,"column":2}},"type":"binary-expr","locations":[{"start":{"line":29,"column":25},"end":{"line":29,"column":null}},{"start":{"line":29,"column":25},"end":{"line":40,"column":2}}]},"3":{"loc":{"start":{"line":42,"column":22},"end":{"line":50,"column":2}},"type":"binary-expr","locations":[{"start":{"line":42,"column":22},"end":{"line":42,"column":null}},{"start":{"line":42,"column":22},"end":{"line":50,"column":2}}]},"4":{"loc":{"start":{"line":52,"column":28},"end":{"line":67,"column":2}},"type":"binary-expr","locations":[{"start":{"line":52,"column":28},"end":{"line":52,"column":50}},{"start":{"line":52,"column":28},"end":{"line":67,"column":2}}]},"5":{"loc":{"start":{"line":60,"column":22},"end":{"line":60,"column":53}},"type":"cond-expr","locations":[{"start":{"line":60,"column":38},"end":{"line":60,"column":44}},{"start":{"line":60,"column":47},"end":{"line":60,"column":53}}]},"6":{"loc":{"start":{"line":69,"column":34},"end":{"line":74,"column":2}},"type":"binary-expr","locations":[{"start":{"line":69,"column":34},"end":{"line":69,"column":null}},{"start":{"line":69,"column":34},"end":{"line":74,"column":2}}]},"7":{"loc":{"start":{"line":76,"column":33},"end":{"line":80,"column":2}},"type":"binary-expr","locations":[{"start":{"line":76,"column":33},"end":{"line":76,"column":null}},{"start":{"line":76,"column":33},"end":{"line":80,"column":2}}]},"8":{"loc":{"start":{"line":82,"column":28},"end":{"line":106,"column":2}},"type":"binary-expr","locations":[{"start":{"line":82,"column":28},"end":{"line":82,"column":null}},{"start":{"line":82,"column":28},"end":{"line":106,"column":2}}]},"9":{"loc":{"start":{"line":108,"column":31},"end":{"line":116,"column":2}},"type":"binary-expr","locations":[{"start":{"line":108,"column":31},"end":{"line":108,"column":null}},{"start":{"line":108,"column":31},"end":{"line":116,"column":2}}]},"10":{"loc":{"start":{"line":118,"column":29},"end":{"line":132,"column":2}},"type":"binary-expr","locations":[{"start":{"line":118,"column":29},"end":{"line":118,"column":null}},{"start":{"line":118,"column":29},"end":{"line":132,"column":2}}]},"11":{"loc":{"start":{"line":134,"column":34},"end":{"line":143,"column":2}},"type":"binary-expr","locations":[{"start":{"line":134,"column":34},"end":{"line":134,"column":null}},{"start":{"line":134,"column":34},"end":{"line":143,"column":2}}]},"12":{"loc":{"start":{"line":145,"column":32},"end":{"line":158,"column":2}},"type":"binary-expr","locations":[{"start":{"line":145,"column":32},"end":{"line":145,"column":null}},{"start":{"line":145,"column":32},"end":{"line":158,"column":2}}]},"13":{"loc":{"start":{"line":160,"column":38},"end":{"line":174,"column":2}},"type":"binary-expr","locations":[{"start":{"line":160,"column":38},"end":{"line":160,"column":null}},{"start":{"line":160,"column":38},"end":{"line":174,"column":2}}]},"14":{"loc":{"start":{"line":198,"column":4},"end":{"line":201,"column":5}},"type":"if","locations":[{"start":{"line":198,"column":4},"end":{"line":201,"column":5}}]},"15":{"loc":{"start":{"line":212,"column":23},"end":{"line":212,"column":73}},"type":"cond-expr","locations":[{"start":{"line":212,"column":36},"end":{"line":212,"column":43}},{"start":{"line":212,"column":46},"end":{"line":212,"column":73}}]},"16":{"loc":{"start":{"line":213,"column":17},"end":{"line":213,"column":57}},"type":"cond-expr","locations":[{"start":{"line":213,"column":30},"end":{"line":213,"column":48}},{"start":{"line":213,"column":51},"end":{"line":213,"column":57}}]},"17":{"loc":{"start":{"line":231,"column":21},"end":{"line":231,"column":84}},"type":"binary-expr","locations":[{"start":{"line":231,"column":21},"end":{"line":231,"column":38}},{"start":{"line":231,"column":42},"end":{"line":231,"column":84}}]},"18":{"loc":{"start":{"line":240,"column":11},"end":{"line":241,"column":null}},"type":"binary-expr","locations":[{"start":{"line":240,"column":11},"end":{"line":240,"column":15}},{"start":{"line":241,"column":12},"end":{"line":241,"column":57}}]},"19":{"loc":{"start":{"line":264,"column":13},"end":{"line":264,"column":66}},"type":"binary-expr","locations":[{"start":{"line":264,"column":13},"end":{"line":264,"column":27}},{"start":{"line":264,"column":31},"end":{"line":264,"column":66}}]},"20":{"loc":{"start":{"line":267,"column":11},"end":{"line":292,"column":null}},"type":"cond-expr","locations":[{"start":{"line":268,"column":12},"end":{"line":287,"column":null}},{"start":{"line":290,"column":12},"end":{"line":290,"column":null}}]},"21":{"loc":{"start":{"line":345,"column":21},"end":{"line":345,"column":84}},"type":"binary-expr","locations":[{"start":{"line":345,"column":21},"end":{"line":345,"column":38}},{"start":{"line":345,"column":42},"end":{"line":345,"column":84}}]},"22":{"loc":{"start":{"line":358,"column":11},"end":{"line":361,"column":null}},"type":"binary-expr","locations":[{"start":{"line":358,"column":11},"end":{"line":358,"column":15}},{"start":{"line":359,"column":12},"end":{"line":359,"column":null}}]},"23":{"loc":{"start":{"line":363,"column":11},"end":{"line":383,"column":null}},"type":"cond-expr","locations":[{"start":{"line":364,"column":12},"end":{"line":364,"column":null}},{"start":{"line":368,"column":12},"end":{"line":380,"column":null}}]}},"s":{"0":1,"1":1,"2":1,"3":1,"4":1,"5":1,"6":1,"7":1,"8":1,"9":1,"10":1,"11":5,"12":1,"13":1,"14":1,"15":1,"16":1,"17":1,"18":1,"19":1,"20":1,"21":5,"22":5,"23":5,"24":5,"25":5,"26":5,"27":5,"28":5,"29":5,"30":5,"31":5,"32":5,"33":5,"34":5,"35":5,"36":5,"37":4,"38":0,"39":4,"40":4,"41":4,"42":5,"43":0,"44":0,"45":0,"46":0,"47":5,"48":0,"49":0,"50":5,"51":0,"52":0,"53":0,"54":0,"55":0,"56":0,"57":0,"58":0,"59":0,"60":0,"61":1,"62":0,"63":0,"64":0,"65":0,"66":0,"67":0,"68":0,"69":0,"70":0,"71":0,"72":0,"73":0,"74":0,"75":0,"76":1},"f":{"0":5,"1":5,"2":4,"3":0,"4":4,"5":0,"6":0,"7":0,"8":0,"9":0,"10":0,"11":0,"12":0,"13":0,"14":1,"15":0,"16":0,"17":0,"18":0,"19":0,"20":0,"21":0,"22":0,"23":0,"24":0,"25":0},"b":{"0":[1,1],"1":[1,1],"2":[1,1],"3":[1,1],"4":[1,1],"5":[1,4],"6":[1,1],"7":[1,1],"8":[1,1],"9":[1,1],"10":[1,1],"11":[1,1],"12":[1,1],"13":[1,1],"14":[0],"15":[0,5],"16":[0,5],"17":[0,0],"18":[5,0],"19":[5,0],"20":[0,5],"21":[0,0],"22":[5,0],"23":[5,0]}}
,"/mnt/c/Users/georgiyf/Desktop/kursovaya-front/src/components/PaymentForm.tsx": {"path":"/mnt/c/Users/georgiyf/Desktop/kursovaya-front/src/components/PaymentForm.tsx","statementMap":{"0":{"start":{"line":1,"column":0},"end":{"line":1,"column":40}},"1":{"start":{"line":2,"column":0},"end":{"line":2,"column":39}},"2":{"start":{"line":3,"column":0},"end":{"line":3,"column":78}},"3":{"start":{"line":4,"column":0},"end":{"line":4,"column":53}},"4":{"start":{"line":14,"column":22},"end":{"line":16,"column":2}},"5":{"start":{"line":18,"column":22},"end":{"line":30,"column":2}},"6":{"start":{"line":32,"column":21},"end":{"line":47,"column":null}},"7":{"start":{"line":40,"column":21},"end":{"line":40,"column":null}},"8":{"start":{"line":47,"column":33},"end":{"line":47,"column":null}},"9":{"start":{"line":56,"column":21},"end":{"line":60,"column":2}},"10":{"start":{"line":62,"column":23},"end":{"line":67,"column":2}},"11":{"start":{"line":69,"column":22},"end":{"line":73,"column":2}},"12":{"start":{"line":75,"column":16},"end":{"line":87,"column":2}},"13":{"start":{"line":89,"column":27},"end":{"line":103,"column":2}},"14":{"start":{"line":105,"column":48},"end":{"line":181,"column":1}},"15":{"start":{"line":106,"column":8},"end":{"line":106,"column":null}},"16":{"start":{"line":107,"column":18},"end":{"line":107,"column":null}},"17":{"start":{"line":108,"column":16},"end":{"line":108,"column":null}},"18":{"start":{"line":109,"column":14},"end":{"line":109,"column":null}},"19":{"start":{"line":110,"column":17},"end":{"line":110,"column":null}},"20":{"start":{"line":112,"column":17},"end":{"line":112,"column":28}},"21":{"start":{"line":113,"column":19},"end":{"line":113,"column":32}},"22":{"start":{"line":114,"column":28},"end":{"line":114,"column":57}},"23":{"start":{"line":114,"column":14},"end":{"line":114,"column":16}},"24":{"start":{"line":114,"column":24},"end":{"line":114,"column":28}},"25":{"start":{"line":116,"column":23},"end":{"line":152,"column":4}},"26":{"start":{"line":116,"column":48},"end":{"line":152,"column":4}},"27":{"start":{"line":117,"column":4},"end":{"line":117,"column":23}},"28":{"start":{"line":119,"column":4},"end":{"line":121,"column":5}},"29":{"start":{"line":120,"column":6},"end":{"line":120,"column":13}},"30":{"start":{"line":123,"column":4},"end":{"line":123,"column":26}},"31":{"start":{"line":124,"column":4},"end":{"line":124,"column":19}},"32":{"start":{"line":127,"column":6},"end":{"line":127,"column":62}},"33":{"start":{"line":127,"column":35},"end":{"line":127,"column":61}},"34":{"start":{"line":129,"column":12},"end":{"line":129,"column":59}},"35":{"start":{"line":131,"column":6},"end":{"line":133,"column":7}},"36":{"start":{"line":132,"column":8},"end":{"line":132,"column":50}},"37":{"start":{"line":135,"column":39},"end":{"line":138,"column":null}},"38":{"start":{"line":135,"column":12},"end":{"line":135,"column":39}},"39":{"start":{"line":140,"column":6},"end":{"line":142,"column":7}},"40":{"start":{"line":141,"column":8},"end":{"line":141,"column":20}},"41":{"start":{"line":144,"column":6},"end":{"line":144,"column":41}},"42":{"start":{"line":146,"column":12},"end":{"line":146,"column":33}},"43":{"start":{"line":147,"column":6},"end":{"line":147,"column":64}},"44":{"start":{"line":148,"column":6},"end":{"line":148,"column":70}},"45":{"start":{"line":150,"column":6},"end":{"line":150,"column":29}},"46":{"start":{"line":155,"column":2},"end":{"line":180,"column":4}},"47":{"start":{"line":183,"column":0},"end":{"line":183,"column":27}}},"fnMap":{"0":{"name":"(anonymous_24)","decl":{"start":{"line":40,"column":12},"end":{"line":40,"column":17}},"loc":{"start":{"line":40,"column":17},"end":{"line":40,"column":26}}},"1":{"name":"(anonymous_25)","decl":{"start":{"line":47,"column":24},"end":{"line":47,"column":29}},"loc":{"start":{"line":47,"column":29},"end":{"line":47,"column":38}}},"2":{"name":"(anonymous_26)","decl":{"start":{"line":105,"column":48},"end":{"line":105,"column":49}},"loc":{"start":{"line":111,"column":1},"end":{"line":181,"column":1}}},"3":{"name":"(anonymous_27)","decl":{"start":{"line":116,"column":23},"end":{"line":116,"column":30}},"loc":{"start":{"line":116,"column":48},"end":{"line":152,"column":4}}},"4":{"name":"(anonymous_28)","decl":{"start":{"line":116,"column":48},"end":{"line":116,"column":null}},"loc":{"start":{"line":116,"column":48},"end":{"line":152,"column":4}}},"5":{"name":"(anonymous_30)","decl":{"start":{"line":127,"column":24},"end":{"line":127,"column":31}},"loc":{"start":{"line":127,"column":31},"end":{"line":127,"column":45}}}},"branchMap":{"0":{"loc":{"start":{"line":14,"column":33},"end":{"line":16,"column":2}},"type":"binary-expr","locations":[{"start":{"line":14,"column":33},"end":{"line":14,"column":null}},{"start":{"line":14,"column":33},"end":{"line":16,"column":2}}]},"1":{"loc":{"start":{"line":18,"column":32},"end":{"line":30,"column":2}},"type":"binary-expr","locations":[{"start":{"line":18,"column":32},"end":{"line":18,"column":null}},{"start":{"line":18,"column":32},"end":{"line":30,"column":2}}]},"2":{"loc":{"start":{"line":32,"column":34},"end":{"line":54,"column":2}},"type":"binary-expr","locations":[{"start":{"line":32,"column":34},"end":{"line":32,"column":62}},{"start":{"line":32,"column":34},"end":{"line":54,"column":2}}]},"3":{"loc":{"start":{"line":40,"column":21},"end":{"line":40,"column":68}},"type":"cond-expr","locations":[{"start":{"line":40,"column":43},"end":{"line":40,"column":56}},{"start":{"line":40,"column":59},"end":{"line":40,"column":68}}]},"4":{"loc":{"start":{"line":47,"column":33},"end":{"line":47,"column":110}},"type":"cond-expr","locations":[{"start":{"line":47,"column":55},"end":{"line":47,"column":81}},{"start":{"line":47,"column":84},"end":{"line":47,"column":110}}]},"5":{"loc":{"start":{"line":56,"column":31},"end":{"line":60,"column":2}},"type":"binary-expr","locations":[{"start":{"line":56,"column":31},"end":{"line":56,"column":null}},{"start":{"line":56,"column":31},"end":{"line":60,"column":2}}]},"6":{"loc":{"start":{"line":62,"column":33},"end":{"line":67,"column":2}},"type":"binary-expr","locations":[{"start":{"line":62,"column":33},"end":{"line":62,"column":null}},{"start":{"line":62,"column":33},"end":{"line":67,"column":2}}]},"7":{"loc":{"start":{"line":69,"column":32},"end":{"line":73,"column":2}},"type":"binary-expr","locations":[{"start":{"line":69,"column":32},"end":{"line":69,"column":null}},{"start":{"line":69,"column":32},"end":{"line":73,"column":2}}]},"8":{"loc":{"start":{"line":75,"column":26},"end":{"line":87,"column":2}},"type":"binary-expr","locations":[{"start":{"line":75,"column":26},"end":{"line":75,"column":null}},{"start":{"line":75,"column":26},"end":{"line":87,"column":2}}]},"9":{"loc":{"start":{"line":119,"column":4},"end":{"line":121,"column":5}},"type":"if","locations":[{"start":{"line":119,"column":4},"end":{"line":121,"column":5}}]},"10":{"loc":{"start":{"line":119,"column":8},"end":{"line":119,"column":28}},"type":"binary-expr","locations":[{"start":{"line":119,"column":8},"end":{"line":119,"column":15}},{"start":{"line":119,"column":19},"end":{"line":119,"column":28}}]},"11":{"loc":{"start":{"line":131,"column":6},"end":{"line":133,"column":7}},"type":"if","locations":[{"start":{"line":131,"column":6},"end":{"line":133,"column":7}}]},"12":{"loc":{"start":{"line":140,"column":6},"end":{"line":142,"column":7}},"type":"if","locations":[{"start":{"line":140,"column":6},"end":{"line":142,"column":7}}]},"13":{"loc":{"start":{"line":147,"column":15},"end":{"line":147,"column":62}},"type":"binary-expr","locations":[{"start":{"line":147,"column":15},"end":{"line":147,"column":28}},{"start":{"line":147,"column":32},"end":{"line":147,"column":62}}]},"14":{"loc":{"start":{"line":148,"column":21},"end":{"line":148,"column":68}},"type":"binary-expr","locations":[{"start":{"line":148,"column":21},"end":{"line":148,"column":34}},{"start":{"line":148,"column":38},"end":{"line":148,"column":68}}]},"15":{"loc":{"start":{"line":165,"column":7},"end":{"line":165,"column":52}},"type":"binary-expr","locations":[{"start":{"line":165,"column":7},"end":{"line":165,"column":12}},{"start":{"line":165,"column":16},"end":{"line":165,"column":52}}]},"16":{"loc":{"start":{"line":168,"column":18},"end":{"line":168,"column":41}},"type":"binary-expr","locations":[{"start":{"line":168,"column":18},"end":{"line":168,"column":25}},{"start":{"line":168,"column":29},"end":{"line":168,"column":41}}]},"17":{"loc":{"start":{"line":171,"column":9},"end":{"line":176,"column":null}},"type":"cond-expr","locations":[{"start":{"line":172,"column":10},"end":{"line":173,"column":null}},{"start":{"line":176,"column":10},"end":{"line":176,"column":20}}]}},"s":{"0":1,"1":1,"2":1,"3":1,"4":1,"5":1,"6":1,"7":2,"8":2,"9":1,"10":1,"11":1,"12":1,"13":1,"14":1,"15":2,"16":2,"17":2,"18":2,"19":2,"20":2,"21":2,"22":2,"23":2,"24":2,"25":2,"26":0,"27":0,"28":0,"29":0,"30":0,"31":0,"32":0,"33":0,"34":0,"35":0,"36":0,"37":0,"38":0,"39":0,"40":0,"41":0,"42":0,"43":0,"44":0,"45":0,"46":2,"47":1},"f":{"0":2,"1":2,"2":2,"3":0,"4":0,"5":0},"b":{"0":[1,1],"1":[1,1],"2":[1,1],"3":[1,1],"4":[1,1],"5":[1,1],"6":[1,1],"7":[1,1],"8":[1,1],"9":[0],"10":[0,0],"11":[0],"12":[0],"13":[0,0],"14":[0,0],"15":[2,0],"16":[2,0],"17":[1,1]}}
,"/mnt/c/Users/georgiyf/Desktop/kursovaya-front/src/components/ProductCard.tsx": {"path":"/mnt/c/Users/georgiyf/Desktop/kursovaya-front/src/components/ProductCard.tsx","statementMap":{"0":{"start":{"line":1,"column":0},"end":{"line":1,"column":26}},"1":{"start":{"line":2,"column":0},"end":{"line":2,"column":40}},"2":{"start":{"line":3,"column":0},"end":{"line":3,"column":39}},"3":{"start":{"line":5,"column":0},"end":{"line":5,"column":53}},"4":{"start":{"line":6,"column":0},"end":{"line":6,"column":49}},"5":{"start":{"line":12,"column":13},"end":{"line":26,"column":2}},"6":{"start":{"line":28,"column":23},"end":{"line":33,"column":2}},"7":{"start":{"line":35,"column":21},"end":{"line":41,"column":null}},"8":{"start":{"line":46,"column":17},"end":{"line":51,"column":2}},"9":{"start":{"line":53,"column":24},"end":{"line":59,"column":2}},"10":{"start":{"line":61,"column":20},"end":{"line":72,"column":2}},"11":{"start":{"line":74,"column":21},"end":{"line":80,"column":2}},"12":{"start":{"line":82,"column":25},"end":{"line":86,"column":2}},"13":{"start":{"line":88,"column":24},"end":{"line":107,"column":2}},"14":{"start":{"line":109,"column":26},"end":{"line":125,"column":2}},"15":{"start":{"line":127,"column":24},"end":{"line":131,"column":2}},"16":{"start":{"line":133,"column":14},"end":{"line":137,"column":2}},"17":{"start":{"line":139,"column":20},"end":{"line":142,"column":2}},"18":{"start":{"line":144,"column":48},"end":{"line":205,"column":1}},"19":{"start":{"line":144,"column":58},"end":{"line":144,"column":60}},"20":{"start":{"line":145,"column":24},"end":{"line":145,"column":34}},"21":{"start":{"line":147,"column":22},"end":{"line":165,"column":3}},"22":{"start":{"line":149,"column":23},"end":{"line":149,"column":68}},"23":{"start":{"line":150,"column":22},"end":{"line":150,"column":44}},"24":{"start":{"line":151,"column":24},"end":{"line":151,"column":45}},"25":{"start":{"line":152,"column":23},"end":{"line":152,"column":73}},"26":{"start":{"line":154,"column":4},"end":{"line":164,"column":6}},"27":{"start":{"line":156,"column":45},"end":{"line":158,"column":10}},"28":{"start":{"line":160,"column":46},"end":{"line":162,"column":10}},"29":{"start":{"line":167,"column":26},"end":{"line":169,"column":3}},"30":{"start":{"line":168,"column":4},"end":{"line":168,"column":26}},"31":{"start":{"line":172,"column":20},"end":{"line":172,"column":81}},"32":{"start":{"line":174,"column":2},"end":{"line":204,"column":4}},"33":{"start":{"line":207,"column":0},"end":{"line":207,"column":27}}},"fnMap":{"0":{"name":"(anonymous_3)","decl":{"start":{"line":144,"column":48},"end":{"line":144,"column":49}},"loc":{"start":{"line":144,"column":60},"end":{"line":205,"column":1}}},"1":{"name":"(anonymous_4)","decl":{"start":{"line":147,"column":22},"end":{"line":147,"column":23}},"loc":{"start":{"line":147,"column":37},"end":{"line":165,"column":3}}},"2":{"name":"(anonymous_5)","decl":{"start":{"line":156,"column":35},"end":{"line":156,"column":36}},"loc":{"start":{"line":156,"column":40},"end":{"line":156,"column":null}}},"3":{"name":"(anonymous_6)","decl":{"start":{"line":160,"column":36},"end":{"line":160,"column":37}},"loc":{"start":{"line":160,"column":41},"end":{"line":160,"column":null}}},"4":{"name":"(anonymous_7)","decl":{"start":{"line":167,"column":26},"end":{"line":167,"column":null}},"loc":{"start":{"line":167,"column":26},"end":{"line":169,"column":3}}}},"branchMap":{"0":{"loc":{"start":{"line":12,"column":23},"end":{"line":26,"column":2}},"type":"binary-expr","locations":[{"start":{"line":12,"column":23},"end":{"line":12,"column":null}},{"start":{"line":12,"column":23},"end":{"line":26,"column":2}}]},"1":{"loc":{"start":{"line":28,"column":33},"end":{"line":33,"column":2}},"type":"binary-expr","locations":[{"start":{"line":28,"column":33},"end":{"line":28,"column":null}},{"start":{"line":28,"column":33},"end":{"line":33,"column":2}}]},"2":{"loc":{"start":{"line":35,"column":31},"end":{"line":44,"column":2}},"type":"binary-expr","locations":[{"start":{"line":35,"column":31},"end":{"line":35,"column":null}},{"start":{"line":35,"column":31},"end":{"line":44,"column":2}}]},"3":{"loc":{"start":{"line":46,"column":27},"end":{"line":51,"column":2}},"type":"binary-expr","locations":[{"start":{"line":46,"column":27},"end":{"line":46,"column":null}},{"start":{"line":46,"column":27},"end":{"line":51,"column":2}}]},"4":{"loc":{"start":{"line":53,"column":35},"end":{"line":59,"column":2}},"type":"binary-expr","locations":[{"start":{"line":53,"column":35},"end":{"line":53,"column":null}},{"start":{"line":53,"column":35},"end":{"line":59,"column":2}}]},"5":{"loc":{"start":{"line":61,"column":29},"end":{"line":72,"column":2}},"type":"binary-expr","locations":[{"start":{"line":61,"column":29},"end":{"line":61,"column":null}},{"start":{"line":61,"column":29},"end":{"line":72,"column":2}}]},"6":{"loc":{"start":{"line":74,"column":32},"end":{"line":80,"column":2}},"type":"binary-expr","locations":[{"start":{"line":74,"column":32},"end":{"line":74,"column":null}},{"start":{"line":74,"column":32},"end":{"line":80,"column":2}}]},"7":{"loc":{"start":{"line":82,"column":35},"end":{"line":86,"column":2}},"type":"binary-expr","locations":[{"start":{"line":82,"column":35},"end":{"line":82,"column":null}},{"start":{"line":82,"column":35},"end":{"line":86,"column":2}}]},"8":{"loc":{"start":{"line":88,"column":37},"end":{"line":107,"column":2}},"type":"binary-expr","locations":[{"start":{"line":88,"column":37},"end":{"line":88,"column":null}},{"start":{"line":88,"column":37},"end":{"line":107,"column":2}}]},"9":{"loc":{"start":{"line":109,"column":38},"end":{"line":125,"column":2}},"type":"binary-expr","locations":[{"start":{"line":109,"column":38},"end":{"line":109,"column":null}},{"start":{"line":109,"column":38},"end":{"line":125,"column":2}}]},"10":{"loc":{"start":{"line":127,"column":34},"end":{"line":131,"column":2}},"type":"binary-expr","locations":[{"start":{"line":127,"column":34},"end":{"line":127,"column":null}},{"start":{"line":127,"column":34},"end":{"line":131,"column":2}}]},"11":{"loc":{"start":{"line":133,"column":24},"end":{"line":137,"column":2}},"type":"binary-expr","locations":[{"start":{"line":133,"column":24},"end":{"line":133,"column":null}},{"start":{"line":133,"column":24},"end":{"line":137,"column":2}}]},"12":{"loc":{"start":{"line":139,"column":31},"end":{"line":142,"column":2}},"type":"binary-expr","locations":[{"start":{"line":139,"column":31},"end":{"line":139,"column":null}},{"start":{"line":139,"column":31},"end":{"line":142,"column":2}}]},"13":{"loc":{"start":{"line":149,"column":47},"end":{"line":149,"column":66}},"type":"binary-expr","locations":[{"start":{"line":149,"column":47},"end":{"line":149,"column":61}},{"start":{"line":149,"column":65},"end":{"line":149,"column":66}}]},"14":{"loc":{"start":{"line":152,"column":52},"end":{"line":152,"column":71}},"type":"cond-expr","locations":[{"start":{"line":152,"column":66},"end":{"line":152,"column":67}},{"start":{"line":152,"column":70},"end":{"line":152,"column":71}}]},"15":{"loc":{"start":{"line":159,"column":9},"end":{"line":159,"column":38}},"type":"binary-expr","locations":[{"start":{"line":159,"column":9},"end":{"line":159,"column":20}},{"start":{"line":159,"column":24},"end":{"line":159,"column":38}}]},"16":{"loc":{"start":{"line":172,"column":20},"end":{"line":172,"column":81}},"type":"cond-expr","locations":[{"start":{"line":172,"column":59},"end":{"line":172,"column":74}},{"start":{"line":172,"column":77},"end":{"line":172,"column":81}}]},"17":{"loc":{"start":{"line":185,"column":13},"end":{"line":187,"column":19}},"type":"cond-expr","locations":[{"start":{"line":186,"column":16},"end":{"line":186,"column":50}},{"start":{"line":187,"column":16},"end":{"line":187,"column":19}}]},"18":{"loc":{"start":{"line":188,"column":13},"end":{"line":190,"column":18}},"type":"cond-expr","locations":[{"start":{"line":189,"column":16},"end":{"line":189,"column":47}},{"start":{"line":190,"column":16},"end":{"line":190,"column":18}}]},"19":{"loc":{"start":{"line":199,"column":13},"end":{"line":199,"column":54}},"type":"cond-expr","locations":[{"start":{"line":199,"column":25},"end":{"line":199,"column":36}},{"start":{"line":199,"column":39},"end":{"line":199,"column":54}}]}},"s":{"0":2,"1":2,"2":2,"3":2,"4":2,"5":2,"6":2,"7":2,"8":2,"9":2,"10":2,"11":2,"12":2,"13":2,"14":2,"15":2,"16":2,"17":2,"18":2,"19":11,"20":11,"21":11,"22":11,"23":11,"24":11,"25":11,"26":11,"27":44,"28":1,"29":11,"30":1,"31":11,"32":11,"33":2},"f":{"0":11,"1":11,"2":44,"3":1,"4":1},"b":{"0":[2,2],"1":[2,2],"2":[2,2],"3":[2,2],"4":[2,2],"5":[2,2],"6":[2,2],"7":[2,2],"8":[2,2],"9":[2,2],"10":[2,2],"11":[2,2],"12":[2,2],"13":[11,0],"14":[10,1],"15":[11,10],"16":[11,0],"17":[11,0],"18":[11,0],"19":[9,2]}}
,"/mnt/c/Users/georgiyf/Desktop/kursovaya-front/src/components/ProductGrid.tsx": {"path":"/mnt/c/Users/georgiyf/Desktop/kursovaya-front/src/components/ProductGrid.tsx","statementMap":{"0":{"start":{"line":1,"column":0},"end":{"line":1,"column":26}},"1":{"start":{"line":2,"column":0},"end":{"line":2,"column":39}},"2":{"start":{"line":3,"column":0},"end":{"line":3,"column":40}},"3":{"start":{"line":11,"column":13},"end":{"line":27,"column":2}},"4":{"start":{"line":29,"column":25},"end":{"line":35,"column":2}},"5":{"start":{"line":37,"column":16},"end":{"line":50,"column":2}},"6":{"start":{"line":52,"column":19},"end":{"line":56,"column":2}},"7":{"start":{"line":58,"column":19},"end":{"line":62,"column":2}},"8":{"start":{"line":64,"column":18},"end":{"line":68,"column":2}},"9":{"start":{"line":70,"column":48},"end":{"line":97,"column":1}},"10":{"start":{"line":70,"column":59},"end":{"line":70,"column":61}},"11":{"start":{"line":70,"column":61},"end":{"line":70,"column":68}},"12":{"start":{"line":70,"column":68},"end":{"line":70,"column":78}},"13":{"start":{"line":71,"column":2},"end":{"line":77,"column":3}},"14":{"start":{"line":72,"column":4},"end":{"line":76,"column":6}},"15":{"start":{"line":79,"column":2},"end":{"line":88,"column":3}},"16":{"start":{"line":80,"column":4},"end":{"line":87,"column":6}},"17":{"start":{"line":90,"column":2},"end":{"line":96,"column":4}},"18":{"start":{"line":92,"column":31},"end":{"line":94,"column":8}},"19":{"start":{"line":99,"column":0},"end":{"line":99,"column":27}}},"fnMap":{"0":{"name":"(anonymous_2)","decl":{"start":{"line":70,"column":48},"end":{"line":70,"column":49}},"loc":{"start":{"line":70,"column":78},"end":{"line":97,"column":1}}},"1":{"name":"(anonymous_3)","decl":{"start":{"line":92,"column":20},"end":{"line":92,"column":27}},"loc":{"start":{"line":92,"column":27},"end":{"line":92,"column":null}}}},"branchMap":{"0":{"loc":{"start":{"line":11,"column":23},"end":{"line":27,"column":2}},"type":"binary-expr","locations":[{"start":{"line":11,"column":23},"end":{"line":11,"column":null}},{"start":{"line":11,"column":23},"end":{"line":27,"column":2}}]},"1":{"loc":{"start":{"line":29,"column":35},"end":{"line":35,"column":2}},"type":"binary-expr","locations":[{"start":{"line":29,"column":35},"end":{"line":29,"column":null}},{"start":{"line":29,"column":35},"end":{"line":35,"column":2}}]},"2":{"loc":{"start":{"line":37,"column":26},"end":{"line":50,"column":2}},"type":"binary-expr","locations":[{"start":{"line":37,"column":26},"end":{"line":37,"column":null}},{"start":{"line":37,"column":26},"end":{"line":50,"column":2}}]},"3":{"loc":{"start":{"line":52,"column":29},"end":{"line":56,"column":2}},"type":"binary-expr","locations":[{"start":{"line":52,"column":29},"end":{"line":52,"column":null}},{"start":{"line":52,"column":29},"end":{"line":56,"column":2}}]},"4":{"loc":{"start":{"line":58,"column":28},"end":{"line":62,"column":2}},"type":"binary-expr","locations":[{"start":{"line":58,"column":28},"end":{"line":58,"column":null}},{"start":{"line":58,"column":28},"end":{"line":62,"column":2}}]},"5":{"loc":{"start":{"line":64,"column":26},"end":{"line":68,"column":2}},"type":"binary-expr","locations":[{"start":{"line":64,"column":26},"end":{"line":64,"column":null}},{"start":{"line":64,"column":26},"end":{"line":68,"column":2}}]},"6":{"loc":{"start":{"line":70,"column":68},"end":{"line":70,"column":78}},"type":"cond-expr","locations":[{"start":{"line":70,"column":71},"end":{"line":70,"column":76}},{"start":{"line":70,"column":76},"end":{"line":70,"column":78}}]},"7":{"loc":{"start":{"line":71,"column":2},"end":{"line":77,"column":3}},"type":"if","locations":[{"start":{"line":71,"column":2},"end":{"line":77,"column":3}}]},"8":{"loc":{"start":{"line":79,"column":2},"end":{"line":88,"column":3}},"type":"if","locations":[{"start":{"line":79,"column":2},"end":{"line":88,"column":3}}]}},"s":{"0":1,"1":1,"2":1,"3":1,"4":1,"5":1,"6":1,"7":1,"8":1,"9":1,"10":3,"11":3,"12":3,"13":3,"14":1,"15":2,"16":1,"17":1,"18":2,"19":1},"f":{"0":3,"1":2},"b":{"0":[1,1],"1":[1,1],"2":[1,1],"3":[1,1],"4":[1,1],"5":[1,1],"6":[2,1],"7":[1],"8":[1]}}
,"/mnt/c/Users/georgiyf/Desktop/kursovaya-front/src/components/QuantitySelector.tsx": {"path":"/mnt/c/Users/georgiyf/Desktop/kursovaya-front/src/components/QuantitySelector.tsx","statementMap":{"0":{"start":{"line":1,"column":0},"end":{"line":1,"column":26}},"1":{"start":{"line":2,"column":0},"end":{"line":2,"column":39}},"2":{"start":{"line":11,"column":18},"end":{"line":18,"column":2}},"3":{"start":{"line":20,"column":15},"end":{"line":41,"column":2}},"4":{"start":{"line":43,"column":22},"end":{"line":58,"column":2}},"5":{"start":{"line":60,"column":58},"end":{"line":111,"column":1}},"6":{"start":{"line":61,"column":10},"end":{"line":61,"column":null}},"7":{"start":{"line":62,"column":10},"end":{"line":62,"column":null}},"8":{"start":{"line":63,"column":2},"end":{"line":63,"column":5}},"9":{"start":{"line":63,"column":5},"end":{"line":63,"column":null}},"10":{"start":{"line":64,"column":2},"end":{"line":64,"column":5}},"11":{"start":{"line":64,"column":5},"end":{"line":64,"column":null}},"12":{"start":{"line":66,"column":25},"end":{"line":70,"column":3}},"13":{"start":{"line":67,"column":4},"end":{"line":69,"column":5}},"14":{"start":{"line":68,"column":6},"end":{"line":68,"column":29}},"15":{"start":{"line":72,"column":25},"end":{"line":76,"column":3}},"16":{"start":{"line":73,"column":4},"end":{"line":75,"column":5}},"17":{"start":{"line":74,"column":6},"end":{"line":74,"column":29}},"18":{"start":{"line":78,"column":23},"end":{"line":83,"column":3}},"19":{"start":{"line":79,"column":18},"end":{"line":79,"column":42}},"20":{"start":{"line":80,"column":4},"end":{"line":82,"column":5}},"21":{"start":{"line":81,"column":6},"end":{"line":81,"column":22}},"22":{"start":{"line":85,"column":2},"end":{"line":110,"column":4}},"23":{"start":{"line":113,"column":0},"end":{"line":113,"column":32}}},"fnMap":{"0":{"name":"(anonymous_2)","decl":{"start":{"line":60,"column":58},"end":{"line":60,"column":59}},"loc":{"start":{"line":65,"column":1},"end":{"line":111,"column":1}}},"1":{"name":"(anonymous_3)","decl":{"start":{"line":66,"column":25},"end":{"line":66,"column":null}},"loc":{"start":{"line":66,"column":25},"end":{"line":70,"column":3}}},"2":{"name":"(anonymous_4)","decl":{"start":{"line":72,"column":25},"end":{"line":72,"column":null}},"loc":{"start":{"line":72,"column":25},"end":{"line":76,"column":3}}},"3":{"name":"(anonymous_5)","decl":{"start":{"line":78,"column":23},"end":{"line":78,"column":24}},"loc":{"start":{"line":78,"column":62},"end":{"line":83,"column":3}}}},"branchMap":{"0":{"loc":{"start":{"line":11,"column":28},"end":{"line":18,"column":2}},"type":"binary-expr","locations":[{"start":{"line":11,"column":28},"end":{"line":11,"column":null}},{"start":{"line":11,"column":28},"end":{"line":18,"column":2}}]},"1":{"loc":{"start":{"line":20,"column":28},"end":{"line":41,"column":2}},"type":"binary-expr","locations":[{"start":{"line":20,"column":28},"end":{"line":20,"column":null}},{"start":{"line":20,"column":28},"end":{"line":41,"column":2}}]},"2":{"loc":{"start":{"line":43,"column":34},"end":{"line":58,"column":2}},"type":"binary-expr","locations":[{"start":{"line":43,"column":34},"end":{"line":43,"column":null}},{"start":{"line":43,"column":34},"end":{"line":58,"column":2}}]},"3":{"loc":{"start":{"line":63,"column":5},"end":{"line":63,"column":null}},"type":"cond-expr","locations":[{"start":{"line":63,"column":8},"end":{"line":63,"column":10}},{"start":{"line":63,"column":10},"end":{"line":63,"column":null}}]},"4":{"loc":{"start":{"line":64,"column":5},"end":{"line":64,"column":null}},"type":"cond-expr","locations":[{"start":{"line":64,"column":8},"end":{"line":64,"column":9}},{"start":{"line":64,"column":9},"end":{"line":64,"column":null}}]},"5":{"loc":{"start":{"line":67,"column":4},"end":{"line":69,"column":5}},"type":"if","locations":[{"start":{"line":67,"column":4},"end":{"line":69,"column":5}}]},"6":{"loc":{"start":{"line":73,"column":4},"end":{"line":75,"column":5}},"type":"if","locations":[{"start":{"line":73,"column":4},"end":{"line":75,"column":5}}]},"7":{"loc":{"start":{"line":80,"column":4},"end":{"line":82,"column":5}},"type":"if","locations":[{"start":{"line":80,"column":4},"end":{"line":82,"column":5}}]},"8":{"loc":{"start":{"line":80,"column":8},"end":{"line":80,"column":53}},"type":"binary-expr","locations":[{"start":{"line":80,"column":8},"end":{"line":80,"column":21}},{"start":{"line":80,"column":25},"end":{"line":80,"column":37}},{"start":{"line":80,"column":41},"end":{"line":80,"column":53}}]}},"s":{"0":1,"1":1,"2":1,"3":1,"4":1,"5":1,"6":6,"7":6,"8":6,"9":6,"10":6,"11":6,"12":6,"13":1,"14":1,"15":6,"16":1,"17":1,"18":6,"19":1,"20":1,"21":1,"22":6,"23":1},"f":{"0":6,"1":1,"2":1,"3":1},"b":{"0":[1,1],"1":[1,1],"2":[1,1],"3":[0,6],"4":[0,6],"5":[1],"6":[1],"7":[1],"8":[1,1,1]}}
,"/mnt/c/Users/georgiyf/Desktop/kursovaya-front/src/context/AuthContext.tsx": {"path":"/mnt/c/Users/georgiyf/Desktop/kursovaya-front/src/context/AuthContext.tsx","statementMap":{"0":{"start":{"line":1,"column":0},"end":{"line":1,"column":78}},"1":{"start":{"line":15,"column":20},"end":{"line":15,"column":73}},"2":{"start":{"line":17,"column":18},"end":{"line":17,"column":25}},"3":{"start":{"line":20,"column":2},"end":{"line":20,"column":61}},"4":{"start":{"line":24,"column":2},"end":{"line":24,"column":57}},"5":{"start":{"line":27,"column":69},"end":{"line":68,"column":1}},"6":{"start":{"line":27,"column":80},"end":{"line":27,"column":82}},"7":{"start":{"line":28,"column":26},"end":{"line":28,"column":55}},"8":{"start":{"line":28,"column":13},"end":{"line":28,"column":15}},"9":{"start":{"line":28,"column":22},"end":{"line":28,"column":26}},"10":{"start":{"line":30,"column":2},"end":{"line":33,"column":9}},"11":{"start":{"line":31,"column":22},"end":{"line":31,"column":55}},"12":{"start":{"line":32,"column":4},"end":{"line":32,"column":38}},"13":{"start":{"line":32,"column":19},"end":{"line":32,"column":38}},"14":{"start":{"line":35,"column":16},"end":{"line":44,"column":3}},"15":{"start":{"line":36,"column":18},"end":{"line":36,"column":28}},"16":{"start":{"line":37,"column":18},"end":{"line":37,"column":79}},"17":{"start":{"line":37,"column":34},"end":{"line":37,"column":79}},"18":{"start":{"line":38,"column":4},"end":{"line":42,"column":5}},"19":{"start":{"line":39,"column":6},"end":{"line":39,"column":21}},"20":{"start":{"line":40,"column":6},"end":{"line":40,"column":47}},"21":{"start":{"line":41,"column":6},"end":{"line":41,"column":18}},"22":{"start":{"line":43,"column":4},"end":{"line":43,"column":17}},"23":{"start":{"line":46,"column":19},"end":{"line":56,"column":3}},"24":{"start":{"line":47,"column":16},"end":{"line":47,"column":26}},"25":{"start":{"line":48,"column":4},"end":{"line":50,"column":5}},"26":{"start":{"line":48,"column":24},"end":{"line":48,"column":42}},"27":{"start":{"line":49,"column":6},"end":{"line":49,"column":19}},"28":{"start":{"line":51,"column":4},"end":{"line":51,"column":36}},"29":{"start":{"line":52,"column":4},"end":{"line":52,"column":20}},"30":{"start":{"line":53,"column":4},"end":{"line":53,"column":19}},"31":{"start":{"line":54,"column":4},"end":{"line":54,"column":45}},"32":{"start":{"line":55,"column":4},"end":{"line":55,"column":16}},"33":{"start":{"line":58,"column":17},"end":{"line":61,"column":3}},"34":{"start":{"line":59,"column":4},"end":{"line":59,"column":18}},"35":{"start":{"line":60,"column":4},"end":{"line":60,"column":41}},"36":{"start":{"line":63,"column":2},"end":{"line":67,"column":4}},"37":{"start":{"line":27,"column":13},"end":{"line":27,"column":69}},"38":{"start":{"line":70,"column":23},"end":{"line":74,"column":1}},"39":{"start":{"line":71,"column":14},"end":{"line":71,"column":37}},"40":{"start":{"line":72,"column":2},"end":{"line":72,"column":72}},"41":{"start":{"line":72,"column":12},"end":{"line":72,"column":72}},"42":{"start":{"line":73,"column":2},"end":{"line":73,"column":13}},"43":{"start":{"line":70,"column":13},"end":{"line":70,"column":23}}},"fnMap":{"0":{"name":"getUsers","decl":{"start":{"line":19,"column":9},"end":{"line":19,"column":17}},"loc":{"start":{"line":19,"column":17},"end":{"line":21,"column":1}}},"1":{"name":"setUsers","decl":{"start":{"line":23,"column":9},"end":{"line":23,"column":17}},"loc":{"start":{"line":23,"column":37},"end":{"line":25,"column":1}}},"2":{"name":"(anonymous_11)","decl":{"start":{"line":27,"column":69},"end":{"line":27,"column":70}},"loc":{"start":{"line":27,"column":82},"end":{"line":68,"column":1}}},"3":{"name":"(anonymous_12)","decl":{"start":{"line":30,"column":12},"end":{"line":30,"column":null}},"loc":{"start":{"line":30,"column":12},"end":{"line":33,"column":3}}},"4":{"name":"(anonymous_13)","decl":{"start":{"line":35,"column":16},"end":{"line":35,"column":17}},"loc":{"start":{"line":35,"column":48},"end":{"line":44,"column":3}}},"5":{"name":"(anonymous_14)","decl":{"start":{"line":37,"column":29},"end":{"line":37,"column":30}},"loc":{"start":{"line":37,"column":30},"end":{"line":37,"column":35}}},"6":{"name":"(anonymous_15)","decl":{"start":{"line":46,"column":19},"end":{"line":46,"column":20}},"loc":{"start":{"line":46,"column":51},"end":{"line":56,"column":3}}},"7":{"name":"(anonymous_16)","decl":{"start":{"line":48,"column":19},"end":{"line":48,"column":20}},"loc":{"start":{"line":48,"column":20},"end":{"line":48,"column":25}}},"8":{"name":"(anonymous_17)","decl":{"start":{"line":58,"column":17},"end":{"line":58,"column":null}},"loc":{"start":{"line":58,"column":17},"end":{"line":61,"column":3}}},"9":{"name":"(anonymous_18)","decl":{"start":{"line":70,"column":23},"end":{"line":70,"column":null}},"loc":{"start":{"line":70,"column":23},"end":{"line":74,"column":1}}}},"branchMap":{"0":{"loc":{"start":{"line":20,"column":20},"end":{"line":20,"column":59}},"type":"binary-expr","locations":[{"start":{"line":20,"column":20},"end":{"line":20,"column":51}},{"start":{"line":20,"column":55},"end":{"line":20,"column":59}}]},"1":{"loc":{"start":{"line":32,"column":4},"end":{"line":32,"column":38}},"type":"if","locations":[{"start":{"line":32,"column":4},"end":{"line":32,"column":38}}]},"2":{"loc":{"start":{"line":37,"column":34},"end":{"line":37,"column":78}},"type":"binary-expr","locations":[{"start":{"line":37,"column":34},"end":{"line":37,"column":51}},{"start":{"line":37,"column":55},"end":{"line":37,"column":78}}]},"3":{"loc":{"start":{"line":38,"column":4},"end":{"line":42,"column":5}},"type":"if","locations":[{"start":{"line":38,"column":4},"end":{"line":42,"column":5}}]},"4":{"loc":{"start":{"line":48,"column":4},"end":{"line":50,"column":5}},"type":"if","locations":[{"start":{"line":48,"column":4},"end":{"line":50,"column":5}}]},"5":{"loc":{"start":{"line":72,"column":2},"end":{"line":72,"column":72}},"type":"if","locations":[{"start":{"line":72,"column":2},"end":{"line":72,"column":72}}]}},"s":{"0":1,"1":1,"2":1,"3":0,"4":0,"5":1,"6":4,"7":4,"8":4,"9":4,"10":4,"11":4,"12":4,"13":0,"14":4,"15":0,"16":0,"17":0,"18":0,"19":0,"20":0,"21":0,"22":0,"23":4,"24":0,"25":0,"26":0,"27":0,"28":0,"29":0,"30":0,"31":0,"32":0,"33":4,"34":0,"35":0,"36":4,"37":1,"38":1,"39":5,"40":5,"41":0,"42":5,"43":1},"f":{"0":0,"1":0,"2":4,"3":4,"4":0,"5":0,"6":0,"7":0,"8":0,"9":5},"b":{"0":[0,0],"1":[0],"2":[0,0],"3":[0],"4":[0],"5":[0]}}
,"/mnt/c/Users/georgiyf/Desktop/kursovaya-front/src/context/CartContext.tsx": {"path":"/mnt/c/Users/georgiyf/Desktop/kursovaya-front/src/context/CartContext.tsx","statementMap":{"0":{"start":{"line":1,"column":0},"end":{"line":1,"column":80}},"1":{"start":{"line":23,"column":32},"end":{"line":27,"column":2}},"2":{"start":{"line":29,"column":24},"end":{"line":39,"column":1}},"3":{"start":{"line":30,"column":2},"end":{"line":38,"column":4}},"4":{"start":{"line":32,"column":6},"end":{"line":35,"column":8}},"5":{"start":{"line":41,"column":20},"end":{"line":110,"column":1}},"6":{"start":{"line":42,"column":2},"end":{"line":109,"column":3}},"7":{"start":{"line":44,"column":36},"end":{"line":44,"column":50}},"8":{"start":{"line":44,"column":21},"end":{"line":44,"column":23}},"9":{"start":{"line":44,"column":31},"end":{"line":44,"column":36}},"10":{"start":{"line":45,"column":32},"end":{"line":45,"column":93}},"11":{"start":{"line":45,"column":62},"end":{"line":45,"column":93}},"12":{"start":{"line":47,"column":22},"end":{"line":47,"column":34}},"13":{"start":{"line":49,"column":6},"end":{"line":59,"column":7}},"14":{"start":{"line":51,"column":8},"end":{"line":51,"column":40}},"15":{"start":{"line":52,"column":8},"end":{"line":55,"column":10}},"16":{"start":{"line":58,"column":8},"end":{"line":58,"column":63}},"17":{"start":{"line":61,"column":41},"end":{"line":61,"column":70}},"18":{"start":{"line":61,"column":24},"end":{"line":61,"column":26}},"19":{"start":{"line":61,"column":36},"end":{"line":61,"column":41}},"20":{"start":{"line":63,"column":6},"end":{"line":67,"column":8}},"21":{"start":{"line":71,"column":27},"end":{"line":71,"column":99}},"22":{"start":{"line":71,"column":54},"end":{"line":71,"column":99}},"23":{"start":{"line":72,"column":41},"end":{"line":72,"column":70}},"24":{"start":{"line":72,"column":24},"end":{"line":72,"column":26}},"25":{"start":{"line":72,"column":36},"end":{"line":72,"column":41}},"26":{"start":{"line":74,"column":6},"end":{"line":78,"column":8}},"27":{"start":{"line":82,"column":38},"end":{"line":82,"column":52}},"28":{"start":{"line":82,"column":23},"end":{"line":82,"column":25}},"29":{"start":{"line":82,"column":33},"end":{"line":82,"column":38}},"30":{"start":{"line":85,"column":6},"end":{"line":87,"column":7}},"31":{"start":{"line":86,"column":8},"end":{"line":86,"column":83}},"32":{"start":{"line":89,"column":27},"end":{"line":92,"column":null}},"33":{"start":{"line":90,"column":8},"end":{"line":92,"column":null}},"34":{"start":{"line":95,"column":41},"end":{"line":95,"column":70}},"35":{"start":{"line":95,"column":24},"end":{"line":95,"column":26}},"36":{"start":{"line":95,"column":36},"end":{"line":95,"column":41}},"37":{"start":{"line":97,"column":6},"end":{"line":101,"column":8}},"38":{"start":{"line":105,"column":6},"end":{"line":105,"column":26}},"39":{"start":{"line":108,"column":6},"end":{"line":108,"column":19}},"40":{"start":{"line":112,"column":20},"end":{"line":112,"column":73}},"41":{"start":{"line":114,"column":69},"end":{"line":165,"column":1}},"42":{"start":{"line":114,"column":80},"end":{"line":114,"column":82}},"43":{"start":{"line":116,"column":20},"end":{"line":116,"column":48}},"44":{"start":{"line":117,"column":27},"end":{"line":117,"column":75}},"45":{"start":{"line":119,"column":28},"end":{"line":119,"column":69}},"46":{"start":{"line":119,"column":14},"end":{"line":119,"column":16}},"47":{"start":{"line":119,"column":24},"end":{"line":119,"column":28}},"48":{"start":{"line":122,"column":2},"end":{"line":124,"column":14}},"49":{"start":{"line":123,"column":4},"end":{"line":123,"column":56}},"50":{"start":{"line":127,"column":20},"end":{"line":132,"column":3}},"51":{"start":{"line":127,"column":39},"end":{"line":127,"column":null}},"52":{"start":{"line":128,"column":4},"end":{"line":131,"column":7}},"53":{"start":{"line":134,"column":25},"end":{"line":139,"column":3}},"54":{"start":{"line":135,"column":4},"end":{"line":138,"column":7}},"55":{"start":{"line":141,"column":25},"end":{"line":146,"column":3}},"56":{"start":{"line":142,"column":4},"end":{"line":145,"column":7}},"57":{"start":{"line":148,"column":20},"end":{"line":150,"column":3}},"58":{"start":{"line":149,"column":4},"end":{"line":149,"column":37}},"59":{"start":{"line":152,"column":2},"end":{"line":164,"column":4}},"60":{"start":{"line":114,"column":13},"end":{"line":114,"column":69}},"61":{"start":{"line":168,"column":23},"end":{"line":174,"column":1}},"62":{"start":{"line":169,"column":18},"end":{"line":169,"column":41}},"63":{"start":{"line":170,"column":2},"end":{"line":172,"column":3}},"64":{"start":{"line":171,"column":4},"end":{"line":171,"column":66}},"65":{"start":{"line":173,"column":2},"end":{"line":173,"column":17}},"66":{"start":{"line":168,"column":13},"end":{"line":168,"column":23}}},"fnMap":{"0":{"name":"(anonymous_12)","decl":{"start":{"line":29,"column":24},"end":{"line":29,"column":25}},"loc":{"start":{"line":29,"column":42},"end":{"line":39,"column":1}}},"1":{"name":"(anonymous_13)","decl":{"start":{"line":31,"column":4},"end":{"line":31,"column":5}},"loc":{"start":{"line":31,"column":17},"end":{"line":36,"column":5}}},"2":{"name":"(anonymous_14)","decl":{"start":{"line":41,"column":20},"end":{"line":41,"column":21}},"loc":{"start":{"line":41,"column":57},"end":{"line":110,"column":1}}},"3":{"name":"(anonymous_15)","decl":{"start":{"line":45,"column":54},"end":{"line":45,"column":58}},"loc":{"start":{"line":45,"column":58},"end":{"line":45,"column":66}}},"4":{"name":"(anonymous_16)","decl":{"start":{"line":71,"column":46},"end":{"line":71,"column":50}},"loc":{"start":{"line":71,"column":50},"end":{"line":71,"column":58}}},"5":{"name":"(anonymous_17)","decl":{"start":{"line":89,"column":43},"end":{"line":89,"column":47}},"loc":{"start":{"line":89,"column":47},"end":{"line":90,"column":12}}},"6":{"name":"(anonymous_18)","decl":{"start":{"line":114,"column":69},"end":{"line":114,"column":70}},"loc":{"start":{"line":114,"column":82},"end":{"line":165,"column":1}}},"7":{"name":"(anonymous_19)","decl":{"start":{"line":122,"column":12},"end":{"line":122,"column":null}},"loc":{"start":{"line":122,"column":12},"end":{"line":124,"column":3}}},"8":{"name":"(anonymous_20)","decl":{"start":{"line":127,"column":20},"end":{"line":127,"column":21}},"loc":{"start":{"line":127,"column":59},"end":{"line":132,"column":3}}},"9":{"name":"(anonymous_21)","decl":{"start":{"line":134,"column":25},"end":{"line":134,"column":26}},"loc":{"start":{"line":134,"column":43},"end":{"line":139,"column":3}}},"10":{"name":"(anonymous_22)","decl":{"start":{"line":141,"column":25},"end":{"line":141,"column":26}},"loc":{"start":{"line":141,"column":61},"end":{"line":146,"column":3}}},"11":{"name":"(anonymous_23)","decl":{"start":{"line":148,"column":20},"end":{"line":148,"column":null}},"loc":{"start":{"line":148,"column":20},"end":{"line":150,"column":3}}},"12":{"name":"(anonymous_24)","decl":{"start":{"line":168,"column":23},"end":{"line":168,"column":null}},"loc":{"start":{"line":168,"column":23},"end":{"line":174,"column":1}}}},"branchMap":{"0":{"loc":{"start":{"line":42,"column":2},"end":{"line":109,"column":3}},"type":"switch","locations":[{"start":{"line":43,"column":4},"end":{"line":68,"column":5}},{"start":{"line":70,"column":4},"end":{"line":79,"column":5}},{"start":{"line":81,"column":4},"end":{"line":102,"column":5}},{"start":{"line":104,"column":4},"end":{"line":105,"column":26}},{"start":{"line":107,"column":4},"end":{"line":108,"column":19}}]},"1":{"loc":{"start":{"line":49,"column":6},"end":{"line":59,"column":7}},"type":"if","locations":[{"start":{"line":49,"column":6},"end":{"line":59,"column":7}},{"start":{"line":56,"column":13},"end":{"line":59,"column":7}}]},"2":{"loc":{"start":{"line":85,"column":6},"end":{"line":87,"column":7}},"type":"if","locations":[{"start":{"line":85,"column":6},"end":{"line":87,"column":7}}]},"3":{"loc":{"start":{"line":90,"column":8},"end":{"line":92,"column":16}},"type":"cond-expr","locations":[{"start":{"line":91,"column":11},"end":{"line":91,"column":null}},{"start":{"line":92,"column":12},"end":{"line":92,"column":16}}]},"4":{"loc":{"start":{"line":117,"column":27},"end":{"line":117,"column":75}},"type":"cond-expr","locations":[{"start":{"line":117,"column":39},"end":{"line":117,"column":60}},{"start":{"line":117,"column":63},"end":{"line":117,"column":75}}]},"5":{"loc":{"start":{"line":127,"column":39},"end":{"line":127,"column":null}},"type":"if","locations":[{"start":{"line":127,"column":39},"end":{"line":127,"column":null}}]},"6":{"loc":{"start":{"line":170,"column":2},"end":{"line":172,"column":3}},"type":"if","locations":[{"start":{"line":170,"column":2},"end":{"line":172,"column":3}}]}},"s":{"0":3,"1":3,"2":3,"3":1,"4":1,"5":3,"6":1,"7":1,"8":1,"9":1,"10":1,"11":0,"12":1,"13":1,"14":0,"15":0,"16":1,"17":1,"18":1,"19":1,"20":1,"21":0,"22":0,"23":0,"24":0,"25":0,"26":0,"27":0,"28":0,"29":0,"30":0,"31":0,"32":0,"33":0,"34":0,"35":0,"36":0,"37":0,"38":0,"39":0,"40":3,"41":3,"42":16,"43":16,"44":16,"45":16,"46":16,"47":16,"48":16,"49":16,"50":16,"51":1,"52":1,"53":16,"54":0,"55":16,"56":0,"57":16,"58":0,"59":16,"60":3,"61":3,"62":16,"63":16,"64":0,"65":16,"66":3},"f":{"0":1,"1":1,"2":1,"3":0,"4":0,"5":0,"6":16,"7":16,"8":1,"9":0,"10":0,"11":0,"12":16},"b":{"0":[1,0,0,0,0],"1":[0,1],"2":[0],"3":[0,0],"4":[13,3],"5":[0],"6":[0]}}
,"/mnt/c/Users/georgiyf/Desktop/kursovaya-front/src/context/ProductContext.tsx": {"path":"/mnt/c/Users/georgiyf/Desktop/kursovaya-front/src/context/ProductContext.tsx","statementMap":{"0":{"start":{"line":1,"column":0},"end":{"line":1,"column":78}},"1":{"start":{"line":3,"column":0},"end":{"line":3,"column":35}},"2":{"start":{"line":15,"column":23},"end":{"line":15,"column":79}},"3":{"start":{"line":17,"column":72},"end":{"line":92,"column":1}},"4":{"start":{"line":17,"column":83},"end":{"line":17,"column":85}},"5":{"start":{"line":18,"column":34},"end":{"line":18,"column":57}},"6":{"start":{"line":18,"column":17},"end":{"line":18,"column":19}},"7":{"start":{"line":18,"column":30},"end":{"line":18,"column":34}},"8":{"start":{"line":19,"column":38},"end":{"line":19,"column":60}},"9":{"start":{"line":19,"column":19},"end":{"line":19,"column":21}},"10":{"start":{"line":19,"column":34},"end":{"line":19,"column":38}},"11":{"start":{"line":20,"column":32},"end":{"line":20,"column":46}},"12":{"start":{"line":20,"column":16},"end":{"line":20,"column":18}},"13":{"start":{"line":20,"column":28},"end":{"line":20,"column":32}},"14":{"start":{"line":21,"column":28},"end":{"line":21,"column":57}},"15":{"start":{"line":21,"column":14},"end":{"line":21,"column":16}},"16":{"start":{"line":21,"column":24},"end":{"line":21,"column":28}},"17":{"start":{"line":23,"column":2},"end":{"line":58,"column":9}},"18":{"start":{"line":24,"column":26},"end":{"line":45,"column":6}},"19":{"start":{"line":26,"column":21},"end":{"line":26,"column":null}},"20":{"start":{"line":26,"column":14},"end":{"line":26,"column":null}},"21":{"start":{"line":27,"column":8},"end":{"line":29,"column":9}},"22":{"start":{"line":28,"column":10},"end":{"line":28,"column":60}},"23":{"start":{"line":31,"column":14},"end":{"line":37,"column":12}},"24":{"start":{"line":31,"column":56},"end":{"line":37,"column":11}},"25":{"start":{"line":38,"column":8},"end":{"line":38,"column":41}},"26":{"start":{"line":40,"column":8},"end":{"line":40,"column":55}},"27":{"start":{"line":41,"column":8},"end":{"line":41,"column":24}},"28":{"start":{"line":43,"column":8},"end":{"line":43,"column":26}},"29":{"start":{"line":47,"column":28},"end":{"line":54,"column":6}},"30":{"start":{"line":49,"column":21},"end":{"line":49,"column":null}},"31":{"start":{"line":49,"column":14},"end":{"line":49,"column":null}},"32":{"start":{"line":50,"column":8},"end":{"line":50,"column":28}},"33":{"start":{"line":52,"column":8},"end":{"line":52,"column":59}},"34":{"start":{"line":56,"column":4},"end":{"line":56,"column":20}},"35":{"start":{"line":57,"column":4},"end":{"line":57,"column":22}},"36":{"start":{"line":60,"column":25},"end":{"line":62,"column":3}},"37":{"start":{"line":61,"column":4},"end":{"line":61,"column":55}},"38":{"start":{"line":61,"column":36},"end":{"line":61,"column":54}},"39":{"start":{"line":64,"column":32},"end":{"line":66,"column":3}},"40":{"start":{"line":65,"column":4},"end":{"line":65,"column":69}},"41":{"start":{"line":65,"column":38},"end":{"line":65,"column":68}},"42":{"start":{"line":68,"column":25},"end":{"line":75,"column":3}},"43":{"start":{"line":69,"column":23},"end":{"line":69,"column":42}},"44":{"start":{"line":70,"column":4},"end":{"line":74,"column":6}},"45":{"start":{"line":71,"column":6},"end":{"line":73,"column":null}},"46":{"start":{"line":77,"column":16},"end":{"line":85,"column":4}},"47":{"start":{"line":87,"column":2},"end":{"line":91,"column":4}},"48":{"start":{"line":17,"column":13},"end":{"line":17,"column":72}},"49":{"start":{"line":94,"column":27},"end":{"line":100,"column":1}},"50":{"start":{"line":95,"column":18},"end":{"line":95,"column":44}},"51":{"start":{"line":96,"column":2},"end":{"line":98,"column":3}},"52":{"start":{"line":97,"column":4},"end":{"line":97,"column":73}},"53":{"start":{"line":99,"column":2},"end":{"line":99,"column":17}},"54":{"start":{"line":94,"column":13},"end":{"line":94,"column":27}}},"fnMap":{"0":{"name":"(anonymous_24)","decl":{"start":{"line":17,"column":72},"end":{"line":17,"column":73}},"loc":{"start":{"line":17,"column":85},"end":{"line":92,"column":1}}},"1":{"name":"(anonymous_25)","decl":{"start":{"line":23,"column":12},"end":{"line":23,"column":null}},"loc":{"start":{"line":23,"column":12},"end":{"line":58,"column":3}}},"2":{"name":"(anonymous_26)","decl":{"start":{"line":24,"column":26},"end":{"line":24,"column":null}},"loc":{"start":{"line":24,"column":26},"end":{"line":45,"column":6}}},"3":{"name":"(anonymous_29)","decl":{"start":{"line":31,"column":45},"end":{"line":31,"column":52}},"loc":{"start":{"line":31,"column":52},"end":{"line":37,"column":11}}},"4":{"name":"(anonymous_30)","decl":{"start":{"line":47,"column":28},"end":{"line":47,"column":null}},"loc":{"start":{"line":47,"column":28},"end":{"line":54,"column":6}}},"5":{"name":"(anonymous_33)","decl":{"start":{"line":60,"column":25},"end":{"line":60,"column":26}},"loc":{"start":{"line":60,"column":36},"end":{"line":62,"column":3}}},"6":{"name":"(anonymous_34)","decl":{"start":{"line":61,"column":25},"end":{"line":61,"column":32}},"loc":{"start":{"line":61,"column":32},"end":{"line":61,"column":43}}},"7":{"name":"(anonymous_35)","decl":{"start":{"line":64,"column":32},"end":{"line":64,"column":33}},"loc":{"start":{"line":64,"column":49},"end":{"line":66,"column":3}}},"8":{"name":"(anonymous_36)","decl":{"start":{"line":65,"column":27},"end":{"line":65,"column":34}},"loc":{"start":{"line":65,"column":34},"end":{"line":65,"column":45}}},"9":{"name":"(anonymous_37)","decl":{"start":{"line":68,"column":25},"end":{"line":68,"column":26}},"loc":{"start":{"line":68,"column":39},"end":{"line":75,"column":3}}},"10":{"name":"(anonymous_38)","decl":{"start":{"line":70,"column":27},"end":{"line":70,"column":34}},"loc":{"start":{"line":70,"column":34},"end":{"line":71,"column":13}}},"11":{"name":"(anonymous_39)","decl":{"start":{"line":94,"column":27},"end":{"line":94,"column":null}},"loc":{"start":{"line":94,"column":27},"end":{"line":100,"column":1}}}},"branchMap":{"0":{"loc":{"start":{"line":27,"column":8},"end":{"line":29,"column":9}},"type":"if","locations":[{"start":{"line":27,"column":8},"end":{"line":29,"column":9}}]},"1":{"loc":{"start":{"line":27,"column":12},"end":{"line":27,"column":41}},"type":"binary-expr","locations":[{"start":{"line":27,"column":12},"end":{"line":27,"column":17}},{"start":{"line":27,"column":21},"end":{"line":27,"column":41}}]},"2":{"loc":{"start":{"line":33,"column":16},"end":{"line":33,"column":45}},"type":"binary-expr","locations":[{"start":{"line":33,"column":16},"end":{"line":33,"column":29}},{"start":{"line":33,"column":33},"end":{"line":33,"column":45}}]},"3":{"loc":{"start":{"line":34,"column":18},"end":{"line":34,"column":61}},"type":"binary-expr","locations":[{"start":{"line":34,"column":18},"end":{"line":34,"column":38}},{"start":{"line":34,"column":42},"end":{"line":34,"column":56}},{"start":{"line":34,"column":60},"end":{"line":34,"column":61}}]},"4":{"loc":{"start":{"line":34,"column":18},"end":{"line":34,"column":38}},"type":"cond-expr","locations":[{"start":{"line":34,"column":32},"end":{"line":34,"column":34}},{"start":{"line":34,"column":32},"end":{"line":34,"column":38}}]},"5":{"loc":{"start":{"line":34,"column":18},"end":{"line":34,"column":34}},"type":"binary-expr","locations":[{"start":{"line":34,"column":18},"end":{"line":34,"column":34}},{"start":{"line":34,"column":32},"end":{"line":34,"column":34}}]},"6":{"loc":{"start":{"line":35,"column":19},"end":{"line":35,"column":64}},"type":"binary-expr","locations":[{"start":{"line":35,"column":19},"end":{"line":35,"column":40}},{"start":{"line":35,"column":44},"end":{"line":35,"column":59}},{"start":{"line":35,"column":63},"end":{"line":35,"column":64}}]},"7":{"loc":{"start":{"line":35,"column":19},"end":{"line":35,"column":40}},"type":"cond-expr","locations":[{"start":{"line":35,"column":33},"end":{"line":35,"column":35}},{"start":{"line":35,"column":33},"end":{"line":35,"column":40}}]},"8":{"loc":{"start":{"line":35,"column":19},"end":{"line":35,"column":35}},"type":"binary-expr","locations":[{"start":{"line":35,"column":19},"end":{"line":35,"column":35}},{"start":{"line":35,"column":33},"end":{"line":35,"column":35}}]},"9":{"loc":{"start":{"line":71,"column":6},"end":{"line":73,"column":57}},"type":"binary-expr","locations":[{"start":{"line":71,"column":6},"end":{"line":71,"column":53}},{"start":{"line":72,"column":6},"end":{"line":72,"column":60}},{"start":{"line":73,"column":6},"end":{"line":73,"column":57}}]},"10":{"loc":{"start":{"line":96,"column":2},"end":{"line":98,"column":3}},"type":"if","locations":[{"start":{"line":96,"column":2},"end":{"line":98,"column":3}}]}},"s":{"0":2,"1":2,"2":2,"3":2,"4":6,"5":6,"6":6,"7":6,"8":6,"9":6,"10":6,"11":6,"12":6,"13":6,"14":6,"15":6,"16":6,"17":6,"18":10,"19":5,"20":1,"21":1,"22":0,"23":1,"24":1,"25":1,"26":0,"27":0,"28":1,"29":10,"30":5,"31":1,"32":1,"33":0,"34":5,"35":5,"36":6,"37":0,"38":0,"39":6,"40":0,"41":0,"42":6,"43":0,"44":0,"45":0,"46":6,"47":6,"48":2,"49":2,"50":7,"51":7,"52":0,"53":7,"54":2},"f":{"0":6,"1":5,"2":10,"3":1,"4":10,"5":0,"6":0,"7":0,"8":0,"9":0,"10":0,"11":7},"b":{"0":[0],"1":[1,1],"2":[1,0],"3":[1,1,0],"4":[0,1],"5":[1,1],"6":[1,1,0],"7":[0,1],"8":[1,1],"9":[0,0,0],"10":[0]}}
,"/mnt/c/Users/georgiyf/Desktop/kursovaya-front/src/utils/api.ts": {"path":"/mnt/c/Users/georgiyf/Desktop/kursovaya-front/src/utils/api.ts","statementMap":{"0":{"start":{"line":1,"column":0},"end":{"line":1,"column":26}},"1":{"start":{"line":4,"column":13},"end":{"line":63,"column":2}},"2":{"start":{"line":6,"column":16},"end":{"line":6,"column":null}},"3":{"start":{"line":6,"column":10},"end":{"line":6,"column":null}},"4":{"start":{"line":8,"column":4},"end":{"line":15,"column":8}},"5":{"start":{"line":8,"column":42},"end":{"line":15,"column":7}},"6":{"start":{"line":19,"column":16},"end":{"line":19,"column":null}},"7":{"start":{"line":19,"column":10},"end":{"line":19,"column":null}},"8":{"start":{"line":20,"column":4},"end":{"line":20,"column":20}},"9":{"start":{"line":25,"column":18},"end":{"line":25,"column":null}},"10":{"start":{"line":25,"column":12},"end":{"line":25,"column":null}},"11":{"start":{"line":26,"column":12},"end":{"line":26,"column":31}},"12":{"start":{"line":27,"column":6},"end":{"line":34,"column":null}},"13":{"start":{"line":36,"column":6},"end":{"line":36,"column":54}},"14":{"start":{"line":37,"column":6},"end":{"line":37,"column":18}},"15":{"start":{"line":43,"column":10},"end":{"line":48,"column":6}},"16":{"start":{"line":51,"column":10},"end":{"line":51,"column":56}},"17":{"start":{"line":52,"column":4},"end":{"line":59,"column":5}},"18":{"start":{"line":53,"column":12},"end":{"line":53,"column":75}},"19":{"start":{"line":54,"column":6},"end":{"line":56,"column":7}},"20":{"start":{"line":55,"column":8},"end":{"line":55,"column":34}},"21":{"start":{"line":57,"column":6},"end":{"line":57,"column":39}},"22":{"start":{"line":58,"column":6},"end":{"line":58,"column":64}},"23":{"start":{"line":61,"column":4},"end":{"line":61,"column":17}}},"fnMap":{"0":{"name":"(anonymous_16)","decl":{"start":{"line":5,"column":19},"end":{"line":5,"column":null}},"loc":{"start":{"line":5,"column":19},"end":{"line":16,"column":null}}},"1":{"name":"(anonymous_19)","decl":{"start":{"line":8,"column":24},"end":{"line":8,"column":25}},"loc":{"start":{"line":8,"column":37},"end":{"line":8,"column":null}}},"2":{"name":"(anonymous_20)","decl":{"start":{"line":18,"column":21},"end":{"line":18,"column":null}},"loc":{"start":{"line":18,"column":21},"end":{"line":21,"column":null}}},"3":{"name":"(anonymous_23)","decl":{"start":{"line":23,"column":22},"end":{"line":23,"column":23}},"loc":{"start":{"line":23,"column":33},"end":{"line":39,"column":null}}},"4":{"name":"(anonymous_26)","decl":{"start":{"line":41,"column":19},"end":{"line":41,"column":20}},"loc":{"start":{"line":41,"column":34},"end":{"line":62,"column":null}}}},"branchMap":{"0":{"loc":{"start":{"line":6,"column":16},"end":{"line":6,"column":null}},"type":"switch","locations":[{"start":{"line":6,"column":16},"end":{"line":6,"column":null}}]},"1":{"loc":{"start":{"line":19,"column":16},"end":{"line":19,"column":null}},"type":"switch","locations":[{"start":{"line":19,"column":16},"end":{"line":19,"column":null}}]},"2":{"loc":{"start":{"line":52,"column":4},"end":{"line":59,"column":5}},"type":"if","locations":[{"start":{"line":52,"column":4},"end":{"line":59,"column":5}}]},"3":{"loc":{"start":{"line":53,"column":35},"end":{"line":53,"column":73}},"type":"binary-expr","locations":[{"start":{"line":53,"column":35},"end":{"line":53,"column":65}},{"start":{"line":53,"column":69},"end":{"line":53,"column":73}}]},"4":{"loc":{"start":{"line":54,"column":6},"end":{"line":56,"column":7}},"type":"if","locations":[{"start":{"line":54,"column":6},"end":{"line":56,"column":7}}]}},"s":{"0":1,"1":1,"2":4,"3":0,"4":0,"5":0,"6":4,"7":0,"8":0,"9":0,"10":0,"11":0,"12":0,"13":0,"14":0,"15":0,"16":0,"17":0,"18":0,"19":0,"20":0,"21":0,"22":0,"23":0},"f":{"0":4,"1":0,"2":4,"3":0,"4":0},"b":{"0":[4],"1":[4],"2":[0],"3":[0,0],"4":[0]}}
,"/mnt/c/Users/georgiyf/Desktop/kursovaya-front/src/utils/formatters.ts": {"path":"/mnt/c/Users/georgiyf/Desktop/kursovaya-front/src/utils/formatters.ts","statementMap":{"0":{"start":{"line":7,"column":30},"end":{"line":14,"column":1}},"1":{"start":{"line":7,"column":47},"end":{"line":7,"column":null}},"2":{"start":{"line":8,"column":2},"end":{"line":13,"column":20}},"3":{"start":{"line":7,"column":13},"end":{"line":7,"column":30}},"4":{"start":{"line":21,"column":26},"end":{"line":28,"column":1}},"5":{"start":{"line":22,"column":15},"end":{"line":22,"column":35}},"6":{"start":{"line":23,"column":2},"end":{"line":27,"column":5}},"7":{"start":{"line":21,"column":13},"end":{"line":21,"column":26}},"8":{"start":{"line":36,"column":28},"end":{"line":39,"column":1}},"9":{"start":{"line":37,"column":2},"end":{"line":37,"column":44}},"10":{"start":{"line":37,"column":32},"end":{"line":37,"column":44}},"11":{"start":{"line":38,"column":2},"end":{"line":38,"column":42}},"12":{"start":{"line":36,"column":13},"end":{"line":36,"column":28}},"13":{"start":{"line":47,"column":28},"end":{"line":55,"column":1}},"14":{"start":{"line":48,"column":20},"end":{"line":48,"column":38}},"15":{"start":{"line":49,"column":22},"end":{"line":49,"column":39}},"16":{"start":{"line":50,"column":21},"end":{"line":50,"column":58}},"17":{"start":{"line":52,"column":16},"end":{"line":52,"column":89}},"18":{"start":{"line":54,"column":2},"end":{"line":54,"column":66}},"19":{"start":{"line":47,"column":13},"end":{"line":47,"column":28}}},"fnMap":{"0":{"name":"(anonymous_0)","decl":{"start":{"line":7,"column":30},"end":{"line":7,"column":31}},"loc":{"start":{"line":7,"column":71},"end":{"line":14,"column":1}}},"1":{"name":"(anonymous_1)","decl":{"start":{"line":21,"column":26},"end":{"line":21,"column":27}},"loc":{"start":{"line":21,"column":45},"end":{"line":28,"column":1}}},"2":{"name":"(anonymous_2)","decl":{"start":{"line":36,"column":28},"end":{"line":36,"column":29}},"loc":{"start":{"line":36,"column":60},"end":{"line":39,"column":1}}},"3":{"name":"(anonymous_3)","decl":{"start":{"line":47,"column":28},"end":{"line":47,"column":29}},"loc":{"start":{"line":47,"column":64},"end":{"line":55,"column":1}}}},"branchMap":{"0":{"loc":{"start":{"line":7,"column":47},"end":{"line":7,"column":null}},"type":"if","locations":[{"start":{"line":7,"column":47},"end":{"line":7,"column":null}}]},"1":{"loc":{"start":{"line":37,"column":2},"end":{"line":37,"column":44}},"type":"if","locations":[{"start":{"line":37,"column":2},"end":{"line":37,"column":44}}]},"2":{"loc":{"start":{"line":50,"column":38},"end":{"line":50,"column":57}},"type":"cond-expr","locations":[{"start":{"line":50,"column":52},"end":{"line":50,"column":53}},{"start":{"line":50,"column":56},"end":{"line":50,"column":57}}]},"3":{"loc":{"start":{"line":52,"column":41},"end":{"line":52,"column":63}},"type":"cond-expr","locations":[{"start":{"line":52,"column":55},"end":{"line":52,"column":58}},{"start":{"line":52,"column":61},"end":{"line":52,"column":63}}]}},"s":{"0":3,"1":13,"2":13,"3":3,"4":3,"5":0,"6":0,"7":3,"8":3,"9":0,"10":0,"11":0,"12":3,"13":3,"14":0,"15":0,"16":0,"17":0,"18":0,"19":3},"f":{"0":13,"1":0,"2":0,"3":0},"b":{"0":[0],"1":[0],"2":[0,0],"3":[0,0]}}
}
