TN:
SF:src/components/Breadcrumb.tsx
FN:72,(anonymous_2)
FN:76,(anonymous_3)
FNF:2
FNH:2
FNDA:3,(anonymous_2)
FNDA:9,(anonymous_3)
DA:1,1
DA:2,1
DA:3,1
DA:14,1
DA:31,1
DA:40,1
DA:63,1
DA:72,3
DA:73,3
DA:76,9
DA:90,1
LF:11
LH:11
BRDA:14,0,0,1
BRDA:14,0,1,1
BRDA:31,1,0,1
BRDA:31,1,1,1
BRDA:40,2,0,1
BRDA:40,2,1,1
BRDA:63,3,0,1
BRDA:63,3,1,1
BRDA:78,4,0,6
BRDA:78,4,1,3
BRF:10
BRH:10
end_of_record
TN:
SF:src/components/CategoryFilter.tsx
FN:45,(anonymous_2)
FN:46,(anonymous_3)
FN:47,(anonymous_4)
FN:55,(anonymous_5)
FN:59,(anonymous_6)
FN:60,(anonymous_7)
FN:82,(anonymous_8)
FNF:7
FNH:7
FNDA:10,(anonymous_2)
FNDA:10,(anonymous_3)
FNDA:10,(anonymous_4)
FNDA:10,(anonymous_5)
FNDA:2,(anonymous_6)
FNDA:8,(anonymous_7)
FNDA:8,(anonymous_8)
DA:1,1
DA:2,1
DA:3,1
DA:10,1
DA:27,1
DA:33,1
DA:38,1
DA:42,1
DA:45,10
DA:46,10
DA:47,10
DA:55,10
DA:59,2
DA:60,2
DA:61,8
DA:67,8
DA:70,2
DA:82,8
DA:97,1
LF:19
LH:19
BRDA:10,0,0,1
BRDA:10,0,1,1
BRDA:27,1,0,1
BRDA:27,1,1,1
BRDA:33,2,0,1
BRDA:33,2,1,1
BRDA:38,3,0,1
BRDA:38,3,1,1
BRDA:42,4,0,1
BRDA:42,4,1,1
BRDA:45,5,0,2
BRDA:45,5,1,8
BRDA:46,6,0,2
BRDA:46,6,1,8
BRDA:47,7,0,2
BRDA:47,7,1,8
BRDA:55,8,0,2
BRDA:55,8,1,8
BRDA:67,9,0,8
BRDA:67,9,1,0
BRDA:77,10,0,2
BRDA:77,10,1,1
BRF:22
BRH:21
end_of_record
TN:
SF:src/components/Footer.tsx
FN:84,(anonymous_2)
FNF:1
FNH:1
FNDA:1,(anonymous_2)
DA:1,1
DA:2,1
DA:3,1
DA:5,1
DA:12,1
DA:24,1
DA:30,1
DA:36,1
DA:46,1
DA:56,1
DA:65,1
DA:71,1
DA:80,1
DA:84,1
DA:85,1
DA:124,1
LF:16
LH:16
BRDA:5,0,0,1
BRDA:5,0,1,1
BRDA:12,1,0,1
BRDA:12,1,1,1
BRDA:24,2,0,1
BRDA:24,2,1,1
BRDA:30,3,0,1
BRDA:30,3,1,1
BRDA:36,4,0,1
BRDA:36,4,1,1
BRDA:46,5,0,1
BRDA:46,5,1,1
BRDA:56,6,0,1
BRDA:56,6,1,1
BRDA:65,7,0,1
BRDA:65,7,1,1
BRDA:71,8,0,1
BRDA:71,8,1,1
BRDA:80,9,0,1
BRDA:80,9,1,1
BRF:20
BRH:20
end_of_record
TN:
SF:src/components/Header.tsx
FN:60,(anonymous_11)
FN:176,(anonymous_12)
FN:186,(anonymous_13)
FN:187,(anonymous_14)
FN:192,(anonymous_15)
FN:196,(anonymous_16)
FN:205,(anonymous_17)
FN:216,(anonymous_18)
FN:223,(anonymous_19)
FN:224,(anonymous_20)
FN:252,(anonymous_21)
FN:258,(anonymous_22)
FN:281,(anonymous_23)
FN:290,(anonymous_24)
FN:296,(anonymous_25)
FN:311,(anonymous_26)
FN:314,(anonymous_27)
FN:330,(anonymous_28)
FN:335,(anonymous_29)
FN:336,(anonymous_30)
FN:337,(anonymous_31)
FN:338,(anonymous_32)
FN:352,(anonymous_33)
FN:359,(anonymous_34)
FN:364,(anonymous_35)
FN:377,(anonymous_36)
FNF:26
FNH:5
FNDA:5,(anonymous_11)
FNDA:5,(anonymous_12)
FNDA:4,(anonymous_13)
FNDA:0,(anonymous_14)
FNDA:4,(anonymous_15)
FNDA:0,(anonymous_16)
FNDA:0,(anonymous_17)
FNDA:0,(anonymous_18)
FNDA:0,(anonymous_19)
FNDA:0,(anonymous_20)
FNDA:0,(anonymous_21)
FNDA:0,(anonymous_22)
FNDA:0,(anonymous_23)
FNDA:0,(anonymous_24)
FNDA:1,(anonymous_25)
FNDA:0,(anonymous_26)
FNDA:0,(anonymous_27)
FNDA:0,(anonymous_28)
FNDA:0,(anonymous_29)
FNDA:0,(anonymous_30)
FNDA:0,(anonymous_31)
FNDA:0,(anonymous_32)
FNDA:0,(anonymous_33)
FNDA:0,(anonymous_34)
FNDA:0,(anonymous_35)
FNDA:0,(anonymous_36)
DA:1,1
DA:2,1
DA:3,1
DA:4,1
DA:5,1
DA:6,1
DA:8,1
DA:16,1
DA:29,1
DA:42,1
DA:52,1
DA:60,5
DA:69,1
DA:76,1
DA:82,1
DA:108,1
DA:118,1
DA:134,1
DA:145,1
DA:160,1
DA:176,1
DA:177,5
DA:178,5
DA:179,5
DA:180,5
DA:181,5
DA:182,5
DA:183,5
DA:186,5
DA:187,4
DA:188,0
DA:191,4
DA:192,4
DA:196,5
DA:197,0
DA:198,0
DA:199,0
DA:200,0
DA:205,5
DA:206,0
DA:207,0
DA:210,5
DA:216,0
DA:224,0
DA:225,0
DA:231,0
DA:234,0
DA:252,0
DA:258,0
DA:282,0
DA:283,0
DA:290,0
DA:296,1
DA:311,0
DA:314,0
DA:330,0
DA:335,0
DA:336,0
DA:338,0
DA:339,0
DA:345,0
DA:348,0
DA:352,0
DA:359,0
DA:364,0
DA:378,0
DA:379,0
DA:391,1
LF:68
LH:37
BRDA:8,0,0,1
BRDA:8,0,1,1
BRDA:16,1,0,1
BRDA:16,1,1,1
BRDA:29,2,0,1
BRDA:29,2,1,1
BRDA:42,3,0,1
BRDA:42,3,1,1
BRDA:52,4,0,1
BRDA:52,4,1,1
BRDA:60,5,0,1
BRDA:60,5,1,4
BRDA:69,6,0,1
BRDA:69,6,1,1
BRDA:76,7,0,1
BRDA:76,7,1,1
BRDA:82,8,0,1
BRDA:82,8,1,1
BRDA:108,9,0,1
BRDA:108,9,1,1
BRDA:118,10,0,1
BRDA:118,10,1,1
BRDA:134,11,0,1
BRDA:134,11,1,1
BRDA:145,12,0,1
BRDA:145,12,1,1
BRDA:160,13,0,1
BRDA:160,13,1,1
BRDA:198,14,0,0
BRDA:212,15,0,0
BRDA:212,15,1,5
BRDA:213,16,0,0
BRDA:213,16,1,5
BRDA:231,17,0,0
BRDA:231,17,1,0
BRDA:240,18,0,5
BRDA:240,18,1,0
BRDA:264,19,0,5
BRDA:264,19,1,0
BRDA:267,20,0,0
BRDA:267,20,1,5
BRDA:345,21,0,0
BRDA:345,21,1,0
BRDA:358,22,0,5
BRDA:358,22,1,0
BRDA:363,23,0,5
BRDA:363,23,1,0
BRF:47
BRH:35
end_of_record
TN:
SF:src/components/PaymentForm.tsx
FN:40,(anonymous_24)
FN:47,(anonymous_25)
FN:105,(anonymous_26)
FN:116,(anonymous_27)
FN:116,(anonymous_28)
FN:127,(anonymous_30)
FNF:6
FNH:3
FNDA:2,(anonymous_24)
FNDA:2,(anonymous_25)
FNDA:2,(anonymous_26)
FNDA:0,(anonymous_27)
FNDA:0,(anonymous_28)
FNDA:0,(anonymous_30)
DA:1,1
DA:2,1
DA:3,1
DA:4,1
DA:14,1
DA:18,1
DA:32,1
DA:40,2
DA:47,2
DA:56,1
DA:62,1
DA:69,1
DA:75,1
DA:89,1
DA:105,1
DA:106,2
DA:107,2
DA:108,2
DA:109,2
DA:110,2
DA:112,2
DA:113,2
DA:114,2
DA:116,2
DA:117,0
DA:119,0
DA:120,0
DA:123,0
DA:124,0
DA:127,0
DA:129,0
DA:131,0
DA:132,0
DA:135,0
DA:140,0
DA:141,0
DA:144,0
DA:146,0
DA:147,0
DA:148,0
DA:150,0
DA:155,2
DA:183,1
LF:43
LH:26
BRDA:14,0,0,1
BRDA:14,0,1,1
BRDA:18,1,0,1
BRDA:18,1,1,1
BRDA:32,2,0,1
BRDA:32,2,1,1
BRDA:40,3,0,1
BRDA:40,3,1,1
BRDA:47,4,0,1
BRDA:47,4,1,1
BRDA:56,5,0,1
BRDA:56,5,1,1
BRDA:62,6,0,1
BRDA:62,6,1,1
BRDA:69,7,0,1
BRDA:69,7,1,1
BRDA:75,8,0,1
BRDA:75,8,1,1
BRDA:119,9,0,0
BRDA:119,10,0,0
BRDA:119,10,1,0
BRDA:131,11,0,0
BRDA:140,12,0,0
BRDA:147,13,0,0
BRDA:147,13,1,0
BRDA:148,14,0,0
BRDA:148,14,1,0
BRDA:165,15,0,2
BRDA:165,15,1,0
BRDA:168,16,0,2
BRDA:168,16,1,0
BRDA:171,17,0,1
BRDA:171,17,1,1
BRF:33
BRH:22
end_of_record
TN:
SF:src/components/ProductCard.tsx
FN:144,(anonymous_3)
FN:147,(anonymous_4)
FN:156,(anonymous_5)
FN:160,(anonymous_6)
FN:167,(anonymous_7)
FNF:5
FNH:5
FNDA:11,(anonymous_3)
FNDA:11,(anonymous_4)
FNDA:44,(anonymous_5)
FNDA:1,(anonymous_6)
FNDA:1,(anonymous_7)
DA:1,2
DA:2,2
DA:3,2
DA:5,2
DA:6,2
DA:12,2
DA:28,2
DA:35,2
DA:46,2
DA:53,2
DA:61,2
DA:74,2
DA:82,2
DA:88,2
DA:109,2
DA:127,2
DA:133,2
DA:139,2
DA:144,11
DA:145,11
DA:147,11
DA:149,11
DA:150,11
DA:151,11
DA:152,11
DA:154,11
DA:156,44
DA:160,1
DA:167,11
DA:168,1
DA:172,11
DA:174,11
DA:207,2
LF:33
LH:33
BRDA:12,0,0,2
BRDA:12,0,1,2
BRDA:28,1,0,2
BRDA:28,1,1,2
BRDA:35,2,0,2
BRDA:35,2,1,2
BRDA:46,3,0,2
BRDA:46,3,1,2
BRDA:53,4,0,2
BRDA:53,4,1,2
BRDA:61,5,0,2
BRDA:61,5,1,2
BRDA:74,6,0,2
BRDA:74,6,1,2
BRDA:82,7,0,2
BRDA:82,7,1,2
BRDA:88,8,0,2
BRDA:88,8,1,2
BRDA:109,9,0,2
BRDA:109,9,1,2
BRDA:127,10,0,2
BRDA:127,10,1,2
BRDA:133,11,0,2
BRDA:133,11,1,2
BRDA:139,12,0,2
BRDA:139,12,1,2
BRDA:149,13,0,11
BRDA:149,13,1,0
BRDA:152,14,0,10
BRDA:152,14,1,1
BRDA:159,15,0,11
BRDA:159,15,1,10
BRDA:172,16,0,11
BRDA:172,16,1,0
BRDA:185,17,0,11
BRDA:185,17,1,0
BRDA:188,18,0,11
BRDA:188,18,1,0
BRDA:199,19,0,9
BRDA:199,19,1,2
BRF:40
BRH:36
end_of_record
TN:
SF:src/components/ProductGrid.tsx
FN:70,(anonymous_2)
FN:92,(anonymous_3)
FNF:2
FNH:2
FNDA:3,(anonymous_2)
FNDA:2,(anonymous_3)
DA:1,1
DA:2,1
DA:3,1
DA:11,1
DA:29,1
DA:37,1
DA:52,1
DA:58,1
DA:64,1
DA:70,3
DA:71,3
DA:72,1
DA:79,2
DA:80,1
DA:90,1
DA:92,2
DA:99,1
LF:17
LH:17
BRDA:11,0,0,1
BRDA:11,0,1,1
BRDA:29,1,0,1
BRDA:29,1,1,1
BRDA:37,2,0,1
BRDA:37,2,1,1
BRDA:52,3,0,1
BRDA:52,3,1,1
BRDA:58,4,0,1
BRDA:58,4,1,1
BRDA:64,5,0,1
BRDA:64,5,1,1
BRDA:70,6,0,2
BRDA:70,6,1,1
BRDA:71,7,0,1
BRDA:79,8,0,1
BRF:16
BRH:16
end_of_record
TN:
SF:src/components/QuantitySelector.tsx
FN:60,(anonymous_2)
FN:66,(anonymous_3)
FN:72,(anonymous_4)
FN:78,(anonymous_5)
FNF:4
FNH:4
FNDA:6,(anonymous_2)
FNDA:1,(anonymous_3)
FNDA:1,(anonymous_4)
FNDA:1,(anonymous_5)
DA:1,1
DA:2,1
DA:11,1
DA:20,1
DA:43,1
DA:60,1
DA:61,6
DA:62,6
DA:63,6
DA:64,6
DA:66,6
DA:67,1
DA:68,1
DA:72,6
DA:73,1
DA:74,1
DA:78,6
DA:79,1
DA:80,1
DA:81,1
DA:85,6
DA:113,1
LF:22
LH:22
BRDA:11,0,0,1
BRDA:11,0,1,1
BRDA:20,1,0,1
BRDA:20,1,1,1
BRDA:43,2,0,1
BRDA:43,2,1,1
BRDA:63,3,0,0
BRDA:63,3,1,6
BRDA:64,4,0,0
BRDA:64,4,1,6
BRDA:67,5,0,1
BRDA:73,6,0,1
BRDA:80,7,0,1
BRDA:80,8,0,1
BRDA:80,8,1,1
BRDA:80,8,2,1
BRF:16
BRH:14
end_of_record
TN:
SF:src/context/AuthContext.tsx
FN:19,getUsers
FN:23,setUsers
FN:27,(anonymous_11)
FN:30,(anonymous_12)
FN:35,(anonymous_13)
FN:37,(anonymous_14)
FN:46,(anonymous_15)
FN:48,(anonymous_16)
FN:58,(anonymous_17)
FN:70,(anonymous_18)
FNF:10
FNH:3
FNDA:0,getUsers
FNDA:0,setUsers
FNDA:4,(anonymous_11)
FNDA:4,(anonymous_12)
FNDA:0,(anonymous_13)
FNDA:0,(anonymous_14)
FNDA:0,(anonymous_15)
FNDA:0,(anonymous_16)
FNDA:0,(anonymous_17)
FNDA:5,(anonymous_18)
DA:1,1
DA:15,1
DA:17,1
DA:20,0
DA:24,0
DA:27,4
DA:28,4
DA:30,4
DA:31,4
DA:32,4
DA:35,4
DA:36,0
DA:37,0
DA:38,0
DA:39,0
DA:40,0
DA:41,0
DA:43,0
DA:46,4
DA:47,0
DA:48,0
DA:49,0
DA:51,0
DA:52,0
DA:53,0
DA:54,0
DA:55,0
DA:58,4
DA:59,0
DA:60,0
DA:63,4
DA:70,1
DA:71,5
DA:72,5
DA:73,5
LF:35
LH:16
BRDA:20,0,0,0
BRDA:20,0,1,0
BRDA:32,1,0,0
BRDA:37,2,0,0
BRDA:37,2,1,0
BRDA:38,3,0,0
BRDA:48,4,0,0
BRDA:72,5,0,0
BRF:8
BRH:0
end_of_record
TN:
SF:src/context/CartContext.tsx
FN:29,(anonymous_12)
FN:31,(anonymous_13)
FN:41,(anonymous_14)
FN:45,(anonymous_15)
FN:71,(anonymous_16)
FN:89,(anonymous_17)
FN:114,(anonymous_18)
FN:122,(anonymous_19)
FN:127,(anonymous_20)
FN:134,(anonymous_21)
FN:141,(anonymous_22)
FN:148,(anonymous_23)
FN:168,(anonymous_24)
FNF:13
FNH:7
FNDA:1,(anonymous_12)
FNDA:1,(anonymous_13)
FNDA:1,(anonymous_14)
FNDA:0,(anonymous_15)
FNDA:0,(anonymous_16)
FNDA:0,(anonymous_17)
FNDA:16,(anonymous_18)
FNDA:16,(anonymous_19)
FNDA:1,(anonymous_20)
FNDA:0,(anonymous_21)
FNDA:0,(anonymous_22)
FNDA:0,(anonymous_23)
FNDA:16,(anonymous_24)
DA:1,3
DA:23,3
DA:29,3
DA:30,1
DA:32,1
DA:41,3
DA:42,1
DA:44,1
DA:45,1
DA:47,1
DA:49,1
DA:51,0
DA:52,0
DA:58,1
DA:61,1
DA:63,1
DA:71,0
DA:72,0
DA:74,0
DA:82,0
DA:85,0
DA:86,0
DA:89,0
DA:90,0
DA:95,0
DA:97,0
DA:105,0
DA:108,0
DA:112,3
DA:114,16
DA:116,16
DA:117,16
DA:119,16
DA:122,16
DA:123,16
DA:127,16
DA:128,1
DA:134,16
DA:135,0
DA:141,16
DA:142,0
DA:148,16
DA:149,0
DA:152,16
DA:168,3
DA:169,16
DA:170,16
DA:171,0
DA:173,16
LF:49
LH:31
BRDA:42,0,0,1
BRDA:42,0,1,0
BRDA:42,0,2,0
BRDA:42,0,3,0
BRDA:42,0,4,0
BRDA:49,1,0,0
BRDA:49,1,1,1
BRDA:85,2,0,0
BRDA:90,3,0,0
BRDA:90,3,1,0
BRDA:117,4,0,13
BRDA:117,4,1,3
BRDA:127,5,0,0
BRDA:170,6,0,0
BRF:14
BRH:4
end_of_record
TN:
SF:src/context/ProductContext.tsx
FN:17,(anonymous_24)
FN:23,(anonymous_25)
FN:24,(anonymous_26)
FN:31,(anonymous_29)
FN:47,(anonymous_30)
FN:60,(anonymous_33)
FN:61,(anonymous_34)
FN:64,(anonymous_35)
FN:65,(anonymous_36)
FN:68,(anonymous_37)
FN:70,(anonymous_38)
FN:94,(anonymous_39)
FNF:12
FNH:6
FNDA:6,(anonymous_24)
FNDA:5,(anonymous_25)
FNDA:10,(anonymous_26)
FNDA:1,(anonymous_29)
FNDA:10,(anonymous_30)
FNDA:0,(anonymous_33)
FNDA:0,(anonymous_34)
FNDA:0,(anonymous_35)
FNDA:0,(anonymous_36)
FNDA:0,(anonymous_37)
FNDA:0,(anonymous_38)
FNDA:7,(anonymous_39)
DA:1,2
DA:3,2
DA:15,2
DA:17,6
DA:18,6
DA:19,6
DA:20,6
DA:21,6
DA:23,6
DA:24,10
DA:26,5
DA:27,1
DA:28,0
DA:31,1
DA:38,1
DA:40,0
DA:41,0
DA:43,1
DA:47,10
DA:49,5
DA:50,1
DA:52,0
DA:56,5
DA:57,5
DA:60,6
DA:61,0
DA:64,6
DA:65,0
DA:68,6
DA:69,0
DA:70,0
DA:71,0
DA:77,6
DA:87,6
DA:94,2
DA:95,7
DA:96,7
DA:97,0
DA:99,7
LF:39
LH:29
BRDA:27,0,0,0
BRDA:27,1,0,1
BRDA:27,1,1,1
BRDA:33,2,0,1
BRDA:33,2,1,0
BRDA:34,3,0,1
BRDA:34,3,1,1
BRDA:34,3,2,0
BRDA:34,4,0,0
BRDA:34,4,1,1
BRDA:34,5,0,1
BRDA:34,5,1,1
BRDA:35,6,0,1
BRDA:35,6,1,1
BRDA:35,6,2,0
BRDA:35,7,0,0
BRDA:35,7,1,1
BRDA:35,8,0,1
BRDA:35,8,1,1
BRDA:71,9,0,0
BRDA:71,9,1,0
BRDA:71,9,2,0
BRDA:96,10,0,0
BRF:23
BRH:13
end_of_record
TN:
SF:src/utils/api.ts
FN:5,(anonymous_16)
FN:8,(anonymous_19)
FN:18,(anonymous_20)
FN:23,(anonymous_23)
FN:41,(anonymous_26)
FNF:5
FNH:2
FNDA:4,(anonymous_16)
FNDA:0,(anonymous_19)
FNDA:4,(anonymous_20)
FNDA:0,(anonymous_23)
FNDA:0,(anonymous_26)
DA:1,1
DA:4,1
DA:6,4
DA:8,0
DA:19,4
DA:20,0
DA:25,0
DA:26,0
DA:27,0
DA:36,0
DA:37,0
DA:43,0
DA:51,0
DA:52,0
DA:53,0
DA:54,0
DA:55,0
DA:57,0
DA:58,0
DA:61,0
LF:20
LH:4
BRDA:6,0,0,4
BRDA:19,1,0,4
BRDA:52,2,0,0
BRDA:53,3,0,0
BRDA:53,3,1,0
BRDA:54,4,0,0
BRF:6
BRH:2
end_of_record
TN:
SF:src/utils/formatters.ts
FN:7,(anonymous_0)
FN:21,(anonymous_1)
FN:36,(anonymous_2)
FN:47,(anonymous_3)
FNF:4
FNH:1
FNDA:13,(anonymous_0)
FNDA:0,(anonymous_1)
FNDA:0,(anonymous_2)
FNDA:0,(anonymous_3)
DA:7,13
DA:8,13
DA:21,3
DA:22,0
DA:23,0
DA:36,3
DA:37,0
DA:38,0
DA:47,3
DA:48,0
DA:49,0
DA:50,0
DA:52,0
DA:54,0
LF:14
LH:5
BRDA:7,0,0,0
BRDA:37,1,0,0
BRDA:50,2,0,0
BRDA:50,2,1,0
BRDA:52,3,0,0
BRDA:52,3,1,0
BRF:6
BRH:0
end_of_record
